\BOOKMARK [1][-]{section.1}{Topic 1 Binary Outcome Model}{}% 1
\BOOKMARK [2][-]{subsection.1.1}{Lecture 1. Jan. 10 2019}{section.1}% 2
\BOOKMARK [3][-]{subsubsection.1.1.1}{Model}{subsection.1.1}% 3
\BOOKMARK [3][-]{subsubsection.1.1.2}{Data Structure}{subsection.1.1}% 4
\BOOKMARK [3][-]{subsubsection.1.1.3}{Linear Probability Model}{subsection.1.1}% 5
\BOOKMARK [3][-]{subsubsection.1.1.4}{Model with Binomial Distribution}{subsection.1.1}% 6
\BOOKMARK [1][-]{section.2}{Lecture 3. Jan. 24 2019}{}% 7
\BOOKMARK [2][-]{subsection.2.1}{Two Side Censoring MLE}{section.2}% 8
\BOOKMARK [2][-]{subsection.2.2}{Two Side Truncated MLE}{section.2}% 9
\BOOKMARK [1][-]{section.3}{Lecture 4. Jan. 31 2019}{}% 10
\BOOKMARK [2][-]{subsection.3.1}{Tobit and Sample Selection}{section.3}% 11
\BOOKMARK [2][-]{subsection.3.2}{Heckman Estimation \(Two-Step Procedure\)}{section.3}% 12
\BOOKMARK [1][-]{section.4}{Binary Outcome with Continuous Endogenous Regressors:Control Function Approach}{}% 13
\BOOKMARK [2][-]{subsection.4.1}{Model}{section.4}% 14
\BOOKMARK [2][-]{subsection.4.2}{Maximum Likelihood Estimator}{section.4}% 15
\BOOKMARK [2][-]{subsection.4.3}{Control Function}{section.4}% 16
\BOOKMARK [1][-]{section.5}{Treatment Effect and Potential Outcome Model}{}% 17
\BOOKMARK [2][-]{subsection.5.1}{Lecture 6. Fen. 18 2019}{section.5}% 18
\BOOKMARK [3][-]{subsubsection.5.1.1}{Model}{subsection.5.1}% 19
\BOOKMARK [3][-]{subsubsection.5.1.2}{Data Structure}{subsection.5.1}% 20
\BOOKMARK [3][-]{subsubsection.5.1.3}{Linear Models: Homogeneous Treatment Effect Problem}{subsection.5.1}% 21
\BOOKMARK [3][-]{subsubsection.5.1.4}{Linear Models: Endogeneity Problem}{subsection.5.1}% 22
\BOOKMARK [3][-]{subsubsection.5.1.5}{Comparing Two Models}{subsection.5.1}% 23
\BOOKMARK [3][-]{subsubsection.5.1.6}{POM Assumptions}{subsection.5.1}% 24
