\BOOKMARK [1][-]{section.1}{Strings, Sets, and Binomial Coefficients}{}% 1
\BOOKMARK [2][-]{subsection.1.1}{Strings and Sets}{section.1}% 2
\BOOKMARK [1][-]{section.2}{Induction}{}% 3
\BOOKMARK [1][-]{section.3}{Pigeon Hole Principle and Complexity}{}% 4
\BOOKMARK [2][-]{subsection.3.1}{Pigeon Hole Principle}{section.3}% 5
\BOOKMARK [2][-]{subsection.3.2}{Complexity}{section.3}% 6
\BOOKMARK [1][-]{section.4}{Graph Theory}{}% 7
\BOOKMARK [2][-]{subsection.4.1}{Definitions}{section.4}% 8
\BOOKMARK [2][-]{subsection.4.2}{Eulerian Graphs}{section.4}% 9
\BOOKMARK [2][-]{subsection.4.3}{Hamiltonian Graphs}{section.4}% 10
\BOOKMARK [2][-]{subsection.4.4}{Graph Colouring}{section.4}% 11
\BOOKMARK [2][-]{subsection.4.5}{Bipartite Graph}{section.4}% 12
\BOOKMARK [2][-]{subsection.4.6}{Planer Graphs}{section.4}% 13
\BOOKMARK [2][-]{subsection.4.7}{Labeled Trees}{section.4}% 14
\BOOKMARK [1][-]{section.5}{Inclusion-Exclusion Principle}{}% 15
\BOOKMARK [2][-]{subsection.5.1}{Counting Surjections}{section.5}% 16
\BOOKMARK [1][-]{section.6}{Derangements and Euler's }{}% 17
\BOOKMARK [2][-]{subsection.6.1}{Derangements}{section.6}% 18
\BOOKMARK [2][-]{subsection.6.2}{Euler's }{section.6}% 19
\BOOKMARK [1][-]{section.7}{Generating Function}{}% 20
\BOOKMARK [1][-]{section.8}{Recurrences}{}% 21
\BOOKMARK [2][-]{subsection.8.1}{Solving Recurrence Relations \(Mar. 20 2019\)}{section.8}% 22
\BOOKMARK [3][-]{subsubsection.8.1.1}{Preliminary Case: Distinct Real Roots}{subsection.8.1}% 23
\BOOKMARK [3][-]{subsubsection.8.1.2}{Generalized Case: Real Roots with Multiplicity}{subsection.8.1}% 24
\BOOKMARK [3][-]{subsubsection.8.1.3}{Complex Roots}{subsection.8.1}% 25
\BOOKMARK [1][-]{section.9}{Probability}{}% 26
