This is pdfTeX, Version 3.14159265-2.6-1.40.17 (TeX Live 2016) (preloaded format=pdflatex 2016.5.22)  5 DEC 2018 13:08
entering extended mode
 restricted \write18 enabled.
 file:line:error style messages enabled.
 %&-line parsing enabled.
**eco325_lec_notes.tex
(./eco325_lec_notes.tex
LaTeX2e <2016/03/31>
Babel <3.9r> and hyphenation patterns for 83 language(s) loaded.
(/usr/local/texlive/2016/texmf-dist/tex/latex/base/article.cls
Document Class: article 2014/09/29 v1.4h Standard LaTeX document class
(/usr/local/texlive/2016/texmf-dist/tex/latex/base/size11.clo
File: size11.clo 2014/09/29 v1.4h Standard LaTeX file (size option)
)
\c@part=\count79
\c@section=\count80
\c@subsection=\count81
\c@subsubsection=\count82
\c@paragraph=\count83
\c@subparagraph=\count84
\c@figure=\count85
\c@table=\count86
\abovecaptionskip=\skip41
\belowcaptionskip=\skip42
\bibindent=\dimen102
) (/Users/tianyudu/Library/texmf/tex/spikey.sty
Package: spikey 
 (/usr/local/texlive/2016/texmf-dist/tex/latex/base/inputenc.sty
Package: inputenc 2015/03/17 v1.2c Input encoding file
\inpenc@prehook=\toks14
\inpenc@posthook=\toks15
 (/usr/local/texlive/2016/texmf-dist/tex/latex/base/utf8.def
File: utf8.def 2016/02/28 v1.1s UTF-8 support for inputenc
Now handling font encoding OML ...
... no UTF-8 mapping file for font encoding OML
Now handling font encoding T1 ...
... processing UTF-8 mapping file for font encoding T1
 (/usr/local/texlive/2016/texmf-dist/tex/latex/base/t1enc.dfu
File: t1enc.dfu 2016/02/28 v1.1s UTF-8 support for inputenc
   defining Unicode char U+00A0 (decimal 160)
   defining Unicode char U+00A1 (decimal 161)
   defining Unicode char U+00A3 (decimal 163)
   defining Unicode char U+00AB (decimal 171)
   defining Unicode char U+00AD (decimal 173)
   defining Unicode char U+00BB (decimal 187)
   defining Unicode char U+00BF (decimal 191)
   defining Unicode char U+00C0 (decimal 192)
   defining Unicode char U+00C1 (decimal 193)
   defining Unicode char U+00C2 (decimal 194)
   defining Unicode char U+00C3 (decimal 195)
   defining Unicode char U+00C4 (decimal 196)
   defining Unicode char U+00C5 (decimal 197)
   defining Unicode char U+00C6 (decimal 198)
   defining Unicode char U+00C7 (decimal 199)
   defining Unicode char U+00C8 (decimal 200)
   defining Unicode char U+00C9 (decimal 201)
   defining Unicode char U+00CA (decimal 202)
   defining Unicode char U+00CB (decimal 203)
   defining Unicode char U+00CC (decimal 204)
   defining Unicode char U+00CD (decimal 205)
   defining Unicode char U+00CE (decimal 206)
   defining Unicode char U+00CF (decimal 207)
   defining Unicode char U+00D0 (decimal 208)
   defining Unicode char U+00D1 (decimal 209)
   defining Unicode char U+00D2 (decimal 210)
   defining Unicode char U+00D3 (decimal 211)
   defining Unicode char U+00D4 (decimal 212)
   defining Unicode char U+00D5 (decimal 213)
   defining Unicode char U+00D6 (decimal 214)
   defining Unicode char U+00D8 (decimal 216)
   defining Unicode char U+00D9 (decimal 217)
   defining Unicode char U+00DA (decimal 218)
   defining Unicode char U+00DB (decimal 219)
   defining Unicode char U+00DC (decimal 220)
   defining Unicode char U+00DD (decimal 221)
   defining Unicode char U+00DE (decimal 222)
   defining Unicode char U+00DF (decimal 223)
   defining Unicode char U+00E0 (decimal 224)
   defining Unicode char U+00E1 (decimal 225)
   defining Unicode char U+00E2 (decimal 226)
   defining Unicode char U+00E3 (decimal 227)
   defining Unicode char U+00E4 (decimal 228)
   defining Unicode char U+00E5 (decimal 229)
   defining Unicode char U+00E6 (decimal 230)
   defining Unicode char U+00E7 (decimal 231)
   defining Unicode char U+00E8 (decimal 232)
   defining Unicode char U+00E9 (decimal 233)
   defining Unicode char U+00EA (decimal 234)
   defining Unicode char U+00EB (decimal 235)
   defining Unicode char U+00EC (decimal 236)
   defining Unicode char U+00ED (decimal 237)
   defining Unicode char U+00EE (decimal 238)
   defining Unicode char U+00EF (decimal 239)
   defining Unicode char U+00F0 (decimal 240)
   defining Unicode char U+00F1 (decimal 241)
   defining Unicode char U+00F2 (decimal 242)
   defining Unicode char U+00F3 (decimal 243)
   defining Unicode char U+00F4 (decimal 244)
   defining Unicode char U+00F5 (decimal 245)
   defining Unicode char U+00F6 (decimal 246)
   defining Unicode char U+00F8 (decimal 248)
   defining Unicode char U+00F9 (decimal 249)
   defining Unicode char U+00FA (decimal 250)
   defining Unicode char U+00FB (decimal 251)
   defining Unicode char U+00FC (decimal 252)
   defining Unicode char U+00FD (decimal 253)
   defining Unicode char U+00FE (decimal 254)
   defining Unicode char U+00FF (decimal 255)
   defining Unicode char U+0100 (decimal 256)
   defining Unicode char U+0101 (decimal 257)
   defining Unicode char U+0102 (decimal 258)
   defining Unicode char U+0103 (decimal 259)
   defining Unicode char U+0104 (decimal 260)
   defining Unicode char U+0105 (decimal 261)
   defining Unicode char U+0106 (decimal 262)
   defining Unicode char U+0107 (decimal 263)
   defining Unicode char U+0108 (decimal 264)
   defining Unicode char U+0109 (decimal 265)
   defining Unicode char U+010A (decimal 266)
   defining Unicode char U+010B (decimal 267)
   defining Unicode char U+010C (decimal 268)
   defining Unicode char U+010D (decimal 269)
   defining Unicode char U+010E (decimal 270)
   defining Unicode char U+010F (decimal 271)
   defining Unicode char U+0110 (decimal 272)
   defining Unicode char U+0111 (decimal 273)
   defining Unicode char U+0112 (decimal 274)
   defining Unicode char U+0113 (decimal 275)
   defining Unicode char U+0114 (decimal 276)
   defining Unicode char U+0115 (decimal 277)
   defining Unicode char U+0116 (decimal 278)
   defining Unicode char U+0117 (decimal 279)
   defining Unicode char U+0118 (decimal 280)
   defining Unicode char U+0119 (decimal 281)
   defining Unicode char U+011A (decimal 282)
   defining Unicode char U+011B (decimal 283)
   defining Unicode char U+011C (decimal 284)
   defining Unicode char U+011D (decimal 285)
   defining Unicode char U+011E (decimal 286)
   defining Unicode char U+011F (decimal 287)
   defining Unicode char U+0120 (decimal 288)
   defining Unicode char U+0121 (decimal 289)
   defining Unicode char U+0122 (decimal 290)
   defining Unicode char U+0123 (decimal 291)
   defining Unicode char U+0124 (decimal 292)
   defining Unicode char U+0125 (decimal 293)
   defining Unicode char U+0128 (decimal 296)
   defining Unicode char U+0129 (decimal 297)
   defining Unicode char U+012A (decimal 298)
   defining Unicode char U+012B (decimal 299)
   defining Unicode char U+012C (decimal 300)
   defining Unicode char U+012D (decimal 301)
   defining Unicode char U+012E (decimal 302)
   defining Unicode char U+012F (decimal 303)
   defining Unicode char U+0130 (decimal 304)
   defining Unicode char U+0131 (decimal 305)
   defining Unicode char U+0132 (decimal 306)
   defining Unicode char U+0133 (decimal 307)
   defining Unicode char U+0134 (decimal 308)
   defining Unicode char U+0135 (decimal 309)
   defining Unicode char U+0136 (decimal 310)
   defining Unicode char U+0137 (decimal 311)
   defining Unicode char U+0139 (decimal 313)
   defining Unicode char U+013A (decimal 314)
   defining Unicode char U+013B (decimal 315)
   defining Unicode char U+013C (decimal 316)
   defining Unicode char U+013D (decimal 317)
   defining Unicode char U+013E (decimal 318)
   defining Unicode char U+0141 (decimal 321)
   defining Unicode char U+0142 (decimal 322)
   defining Unicode char U+0143 (decimal 323)
   defining Unicode char U+0144 (decimal 324)
   defining Unicode char U+0145 (decimal 325)
   defining Unicode char U+0146 (decimal 326)
   defining Unicode char U+0147 (decimal 327)
   defining Unicode char U+0148 (decimal 328)
   defining Unicode char U+014A (decimal 330)
   defining Unicode char U+014B (decimal 331)
   defining Unicode char U+014C (decimal 332)
   defining Unicode char U+014D (decimal 333)
   defining Unicode char U+014E (decimal 334)
   defining Unicode char U+014F (decimal 335)
   defining Unicode char U+0150 (decimal 336)
   defining Unicode char U+0151 (decimal 337)
   defining Unicode char U+0152 (decimal 338)
   defining Unicode char U+0153 (decimal 339)
   defining Unicode char U+0154 (decimal 340)
   defining Unicode char U+0155 (decimal 341)
   defining Unicode char U+0156 (decimal 342)
   defining Unicode char U+0157 (decimal 343)
   defining Unicode char U+0158 (decimal 344)
   defining Unicode char U+0159 (decimal 345)
   defining Unicode char U+015A (decimal 346)
   defining Unicode char U+015B (decimal 347)
   defining Unicode char U+015C (decimal 348)
   defining Unicode char U+015D (decimal 349)
   defining Unicode char U+015E (decimal 350)
   defining Unicode char U+015F (decimal 351)
   defining Unicode char U+0160 (decimal 352)
   defining Unicode char U+0161 (decimal 353)
   defining Unicode char U+0162 (decimal 354)
   defining Unicode char U+0163 (decimal 355)
   defining Unicode char U+0164 (decimal 356)
   defining Unicode char U+0165 (decimal 357)
   defining Unicode char U+0168 (decimal 360)
   defining Unicode char U+0169 (decimal 361)
   defining Unicode char U+016A (decimal 362)
   defining Unicode char U+016B (decimal 363)
   defining Unicode char U+016C (decimal 364)
   defining Unicode char U+016D (decimal 365)
   defining Unicode char U+016E (decimal 366)
   defining Unicode char U+016F (decimal 367)
   defining Unicode char U+0170 (decimal 368)
   defining Unicode char U+0171 (decimal 369)
   defining Unicode char U+0172 (decimal 370)
   defining Unicode char U+0173 (decimal 371)
   defining Unicode char U+0174 (decimal 372)
   defining Unicode char U+0175 (decimal 373)
   defining Unicode char U+0176 (decimal 374)
   defining Unicode char U+0177 (decimal 375)
   defining Unicode char U+0178 (decimal 376)
   defining Unicode char U+0179 (decimal 377)
   defining Unicode char U+017A (decimal 378)
   defining Unicode char U+017B (decimal 379)
   defining Unicode char U+017C (decimal 380)
   defining Unicode char U+017D (decimal 381)
   defining Unicode char U+017E (decimal 382)
   defining Unicode char U+01CD (decimal 461)
   defining Unicode char U+01CE (decimal 462)
   defining Unicode char U+01CF (decimal 463)
   defining Unicode char U+01D0 (decimal 464)
   defining Unicode char U+01D1 (decimal 465)
   defining Unicode char U+01D2 (decimal 466)
   defining Unicode char U+01D3 (decimal 467)
   defining Unicode char U+01D4 (decimal 468)
   defining Unicode char U+01E2 (decimal 482)
   defining Unicode char U+01E3 (decimal 483)
   defining Unicode char U+01E6 (decimal 486)
   defining Unicode char U+01E7 (decimal 487)
   defining Unicode char U+01E8 (decimal 488)
   defining Unicode char U+01E9 (decimal 489)
   defining Unicode char U+01EA (decimal 490)
   defining Unicode char U+01EB (decimal 491)
   defining Unicode char U+01F0 (decimal 496)
   defining Unicode char U+01F4 (decimal 500)
   defining Unicode char U+01F5 (decimal 501)
   defining Unicode char U+0218 (decimal 536)
   defining Unicode char U+0219 (decimal 537)
   defining Unicode char U+021A (decimal 538)
   defining Unicode char U+021B (decimal 539)
   defining Unicode char U+1E02 (decimal 7682)
   defining Unicode char U+1E03 (decimal 7683)
   defining Unicode char U+200C (decimal 8204)
   defining Unicode char U+2010 (decimal 8208)
   defining Unicode char U+2011 (decimal 8209)
   defining Unicode char U+2012 (decimal 8210)
   defining Unicode char U+2013 (decimal 8211)
   defining Unicode char U+2014 (decimal 8212)
   defining Unicode char U+2015 (decimal 8213)
   defining Unicode char U+2018 (decimal 8216)
   defining Unicode char U+2019 (decimal 8217)
   defining Unicode char U+201A (decimal 8218)
   defining Unicode char U+201C (decimal 8220)
   defining Unicode char U+201D (decimal 8221)
   defining Unicode char U+201E (decimal 8222)
   defining Unicode char U+2030 (decimal 8240)
   defining Unicode char U+2031 (decimal 8241)
   defining Unicode char U+2039 (decimal 8249)
   defining Unicode char U+203A (decimal 8250)
   defining Unicode char U+2423 (decimal 9251)
)
Now handling font encoding OT1 ...
... processing UTF-8 mapping file for font encoding OT1
 (/usr/local/texlive/2016/texmf-dist/tex/latex/base/ot1enc.dfu
File: ot1enc.dfu 2016/02/28 v1.1s UTF-8 support for inputenc
   defining Unicode char U+00A0 (decimal 160)
   defining Unicode char U+00A1 (decimal 161)
   defining Unicode char U+00A3 (decimal 163)
   defining Unicode char U+00AD (decimal 173)
   defining Unicode char U+00B8 (decimal 184)
   defining Unicode char U+00BF (decimal 191)
   defining Unicode char U+00C5 (decimal 197)
   defining Unicode char U+00C6 (decimal 198)
   defining Unicode char U+00D8 (decimal 216)
   defining Unicode char U+00DF (decimal 223)
   defining Unicode char U+00E6 (decimal 230)
   defining Unicode char U+00EC (decimal 236)
   defining Unicode char U+00ED (decimal 237)
   defining Unicode char U+00EE (decimal 238)
   defining Unicode char U+00EF (decimal 239)
   defining Unicode char U+00F8 (decimal 248)
   defining Unicode char U+0131 (decimal 305)
   defining Unicode char U+0141 (decimal 321)
   defining Unicode char U+0142 (decimal 322)
   defining Unicode char U+0152 (decimal 338)
   defining Unicode char U+0153 (decimal 339)
   defining Unicode char U+0174 (decimal 372)
   defining Unicode char U+0175 (decimal 373)
   defining Unicode char U+0176 (decimal 374)
   defining Unicode char U+0177 (decimal 375)
   defining Unicode char U+0218 (decimal 536)
   defining Unicode char U+0219 (decimal 537)
   defining Unicode char U+021A (decimal 538)
   defining Unicode char U+021B (decimal 539)
   defining Unicode char U+2013 (decimal 8211)
   defining Unicode char U+2014 (decimal 8212)
   defining Unicode char U+2018 (decimal 8216)
   defining Unicode char U+2019 (decimal 8217)
   defining Unicode char U+201C (decimal 8220)
   defining Unicode char U+201D (decimal 8221)
)
Now handling font encoding OMS ...
... processing UTF-8 mapping file for font encoding OMS
 (/usr/local/texlive/2016/texmf-dist/tex/latex/base/omsenc.dfu
File: omsenc.dfu 2016/02/28 v1.1s UTF-8 support for inputenc
   defining Unicode char U+00A7 (decimal 167)
   defining Unicode char U+00B6 (decimal 182)
   defining Unicode char U+00B7 (decimal 183)
   defining Unicode char U+2020 (decimal 8224)
   defining Unicode char U+2021 (decimal 8225)
   defining Unicode char U+2022 (decimal 8226)
)
Now handling font encoding OMX ...
... no UTF-8 mapping file for font encoding OMX
Now handling font encoding U ...
... no UTF-8 mapping file for font encoding U
   defining Unicode char U+00A9 (decimal 169)
   defining Unicode char U+00AA (decimal 170)
   defining Unicode char U+00AE (decimal 174)
   defining Unicode char U+00BA (decimal 186)
   defining Unicode char U+02C6 (decimal 710)
   defining Unicode char U+02DC (decimal 732)
   defining Unicode char U+200C (decimal 8204)
   defining Unicode char U+2026 (decimal 8230)
   defining Unicode char U+2122 (decimal 8482)
   defining Unicode char U+2423 (decimal 9251)
)) (/usr/local/texlive/2016/texmf-dist/tex/generic/babel/babel.sty
Package: babel 2016/04/23 3.9r The Babel package
 (/usr/local/texlive/2016/texmf-dist/tex/generic/babel-english/english.ldf
Language: english 2012/08/20 v3.3p English support from the babel system
 (/usr/local/texlive/2016/texmf-dist/tex/generic/babel/babel.def
File: babel.def 2016/04/23 3.9r Babel common definitions
\babel@savecnt=\count87
\U@D=\dimen103
)
\l@canadian = a dialect from \language\l@american 
\l@australian = a dialect from \language\l@british 
\l@newzealand = a dialect from \language\l@british 
)) (/usr/local/texlive/2016/texmf-dist/tex/latex/amscls/amsthm.sty
Package: amsthm 2015/03/04 v2.20.2
\thm@style=\toks16
\thm@bodyfont=\toks17
\thm@headfont=\toks18
\thm@notefont=\toks19
\thm@headpunct=\toks20
\thm@preskip=\skip43
\thm@postskip=\skip44
\thm@headsep=\skip45
\dth@everypar=\toks21
) (/usr/local/texlive/2016/texmf-dist/tex/latex/amsmath/amsmath.sty
Package: amsmath 2016/03/10 v2.15b AMS math features
\@mathmargin=\skip46

For additional information on amsmath, use the `?' option.
(/usr/local/texlive/2016/texmf-dist/tex/latex/amsmath/amstext.sty
Package: amstext 2000/06/29 v2.01 AMS text
 (/usr/local/texlive/2016/texmf-dist/tex/latex/amsmath/amsgen.sty
File: amsgen.sty 1999/11/30 v2.0 generic functions
\@emptytoks=\toks22
\ex@=\dimen104
)) (/usr/local/texlive/2016/texmf-dist/tex/latex/amsmath/amsbsy.sty
Package: amsbsy 1999/11/29 v1.2d Bold Symbols
\pmbraise@=\dimen105
) (/usr/local/texlive/2016/texmf-dist/tex/latex/amsmath/amsopn.sty
Package: amsopn 2016/03/08 v2.02 operator names
)
\inf@bad=\count88
LaTeX Info: Redefining \frac on input line 199.
\uproot@=\count89
\leftroot@=\count90
LaTeX Info: Redefining \overline on input line 297.
\classnum@=\count91
\DOTSCASE@=\count92
LaTeX Info: Redefining \ldots on input line 394.
LaTeX Info: Redefining \dots on input line 397.
LaTeX Info: Redefining \cdots on input line 518.
\Mathstrutbox@=\box26
\strutbox@=\box27
\big@size=\dimen106
LaTeX Font Info:    Redeclaring font encoding OML on input line 634.
LaTeX Font Info:    Redeclaring font encoding OMS on input line 635.
\macc@depth=\count93
\c@MaxMatrixCols=\count94
\dotsspace@=\muskip10
\c@parentequation=\count95
\dspbrk@lvl=\count96
\tag@help=\toks23
\row@=\count97
\column@=\count98
\maxfields@=\count99
\andhelp@=\toks24
\eqnshift@=\dimen107
\alignsep@=\dimen108
\tagshift@=\dimen109
\tagwidth@=\dimen110
\totwidth@=\dimen111
\lineht@=\dimen112
\@envbody=\toks25
\multlinegap=\skip47
\multlinetaggap=\skip48
\mathdisplay@stack=\toks26
LaTeX Info: Redefining \[ on input line 2739.
LaTeX Info: Redefining \] on input line 2740.
) (/usr/local/texlive/2016/texmf-dist/tex/latex/amsfonts/amssymb.sty
Package: amssymb 2013/01/14 v3.01 AMS font symbols
 (/usr/local/texlive/2016/texmf-dist/tex/latex/amsfonts/amsfonts.sty
Package: amsfonts 2013/01/14 v3.01 Basic AMSFonts support
\symAMSa=\mathgroup4
\symAMSb=\mathgroup5
LaTeX Font Info:    Overwriting math alphabet `\mathfrak' in version `bold'
(Font)                  U/euf/m/n --> U/euf/b/n on input line 106.
))
\c@definition=\count100
\c@theorem=\count101
\c@notation=\count102
\c@corollary=\count103
\c@lemma=\count104
\c@proposition=\count105
\c@remark=\count106
\c@assumption=\count107
\c@example=\count108
\c@property=\count109
) (/usr/local/texlive/2016/texmf-dist/tex/latex/soul/soul.sty
Package: soul 2003/11/17 v2.4 letterspacing/underlining (mf)
\SOUL@word=\toks27
\SOUL@lasttoken=\toks28
\SOUL@cmds=\toks29
\SOUL@buffer=\toks30
\SOUL@token=\toks31
\SOUL@spaceskip=\skip49
\SOUL@ttwidth=\dimen113
\SOUL@uldp=\dimen114
\SOUL@ulht=\dimen115
) (/usr/local/texlive/2016/texmf-dist/tex/latex/float/float.sty
Package: float 2001/11/08 v1.3d Float enhancements (AL)
\c@float@type=\count110
\float@exts=\toks32
\float@box=\box28
\@float@everytoks=\toks33
\@floatcapt=\box29
) (/usr/local/texlive/2016/texmf-dist/tex/latex/graphics/graphicx.sty
Package: graphicx 2014/10/28 v1.0g Enhanced LaTeX Graphics (DPC,SPQR)
 (/usr/local/texlive/2016/texmf-dist/tex/latex/graphics/keyval.sty
Package: keyval 2014/10/28 v1.15 key=value parser (DPC)
\KV@toks@=\toks34
) (/usr/local/texlive/2016/texmf-dist/tex/latex/graphics/graphics.sty
Package: graphics 2016/05/09 v1.0r Standard LaTeX Graphics (DPC,SPQR)
 (/usr/local/texlive/2016/texmf-dist/tex/latex/graphics/trig.sty
Package: trig 2016/01/03 v1.10 sin cos tan (DPC)
) (/usr/local/texlive/2016/texmf-dist/tex/latex/graphics-cfg/graphics.cfg
File: graphics.cfg 2016/01/02 v1.10 sample graphics configuration
)
Package graphics Info: Driver file: pdftex.def on input line 96.
 (/usr/local/texlive/2016/texmf-dist/tex/latex/pdftex-def/pdftex.def
File: pdftex.def 2011/05/27 v0.06d Graphics/color for pdfTeX
 (/usr/local/texlive/2016/texmf-dist/tex/generic/oberdiek/infwarerr.sty
Package: infwarerr 2016/05/16 v1.4 Providing info/warning/error messages (HO)
) (/usr/local/texlive/2016/texmf-dist/tex/generic/oberdiek/ltxcmds.sty
Package: ltxcmds 2016/05/16 v1.23 LaTeX kernel commands for general use (HO)
)
\Gread@gobject=\count111
))
\Gin@req@height=\dimen116
\Gin@req@width=\dimen117
) (/usr/local/texlive/2016/texmf-dist/tex/latex/hyperref/hyperref.sty
Package: hyperref 2016/05/05 v6.83n Hypertext links for LaTeX
 (/usr/local/texlive/2016/texmf-dist/tex/generic/oberdiek/hobsub-hyperref.sty
Package: hobsub-hyperref 2016/05/16 v1.14 Bundle oberdiek, subset hyperref (HO)
 (/usr/local/texlive/2016/texmf-dist/tex/generic/oberdiek/hobsub-generic.sty
Package: hobsub-generic 2016/05/16 v1.14 Bundle oberdiek, subset generic (HO)
Package: hobsub 2016/05/16 v1.14 Construct package bundles (HO)
Package hobsub Info: Skipping package `infwarerr' (already loaded).
Package hobsub Info: Skipping package `ltxcmds' (already loaded).
Package: ifluatex 2016/05/16 v1.4 Provides the ifluatex switch (HO)
Package ifluatex Info: LuaTeX not detected.
Package: ifvtex 2016/05/16 v1.6 Detect VTeX and its facilities (HO)
Package ifvtex Info: VTeX not detected.
Package: intcalc 2016/05/16 v1.2 Expandable calculations with integers (HO)
Package: ifpdf 2016/05/14 v3.1 Provides the ifpdf switch
Package: etexcmds 2016/05/16 v1.6 Avoid name clashes with e-TeX commands (HO)
Package etexcmds Info: Could not find \expanded.
(etexcmds)             That can mean that you are not using pdfTeX 1.50 or
(etexcmds)             that some package has redefined \expanded.
(etexcmds)             In the latter case, load this package earlier.
Package: kvsetkeys 2016/05/16 v1.17 Key value parser (HO)
Package: kvdefinekeys 2016/05/16 v1.4 Define keys (HO)
Package: pdftexcmds 2016/05/10 v0.21 Utility functions of pdfTeX for LuaTeX (HO)
Package pdftexcmds Info: LuaTeX not detected.
Package pdftexcmds Info: \pdf@primitive is available.
Package pdftexcmds Info: \pdf@ifprimitive is available.
Package pdftexcmds Info: \pdfdraftmode found.
Package: pdfescape 2016/05/16 v1.14 Implements pdfTeX's escape features (HO)
Package: bigintcalc 2016/05/16 v1.4 Expandable calculations on big integers (HO)
Package: bitset 2016/05/16 v1.2 Handle bit-vector datatype (HO)
Package: uniquecounter 2016/05/16 v1.3 Provide unlimited unique counter (HO)
)
Package hobsub Info: Skipping package `hobsub' (already loaded).
Package: letltxmacro 2016/05/16 v1.5 Let assignment for LaTeX macros (HO)
Package: hopatch 2016/05/16 v1.3 Wrapper for package hooks (HO)
Package: xcolor-patch 2016/05/16 xcolor patch
Package: atveryend 2016/05/16 v1.9 Hooks at the very end of document (HO)
Package atveryend Info: \enddocument detected (standard20110627).
Package: atbegshi 2016/05/16 v1.17 At begin shipout hook (HO)
Package: refcount 2016/05/16 v3.5 Data extraction from label references (HO)
Package: hycolor 2016/05/16 v1.8 Color options for hyperref/bookmark (HO)
) (/usr/local/texlive/2016/texmf-dist/tex/generic/ifxetex/ifxetex.sty
Package: ifxetex 2010/09/12 v0.6 Provides ifxetex conditional
) (/usr/local/texlive/2016/texmf-dist/tex/latex/oberdiek/auxhook.sty
Package: auxhook 2016/05/16 v1.4 Hooks for auxiliary files (HO)
) (/usr/local/texlive/2016/texmf-dist/tex/latex/oberdiek/kvoptions.sty
Package: kvoptions 2016/05/16 v3.12 Key value format for package options (HO)
)
\@linkdim=\dimen118
\Hy@linkcounter=\count112
\Hy@pagecounter=\count113
 (/usr/local/texlive/2016/texmf-dist/tex/latex/hyperref/pd1enc.def
File: pd1enc.def 2016/05/05 v6.83n Hyperref: PDFDocEncoding definition (HO)
Now handling font encoding PD1 ...
... no UTF-8 mapping file for font encoding PD1
)
\Hy@SavedSpaceFactor=\count114
 (/usr/local/texlive/2016/texmf-dist/tex/latex/latexconfig/hyperref.cfg
File: hyperref.cfg 2002/06/06 v1.2 hyperref configuration of TeXLive
)
Package hyperref Info: Hyper figures OFF on input line 4446.
Package hyperref Info: Link nesting OFF on input line 4451.
Package hyperref Info: Hyper index ON on input line 4454.
Package hyperref Info: Plain pages OFF on input line 4461.
Package hyperref Info: Backreferencing OFF on input line 4466.
Package hyperref Info: Implicit mode ON; LaTeX internals redefined.
Package hyperref Info: Bookmarks ON on input line 4691.
\c@Hy@tempcnt=\count115
 (/usr/local/texlive/2016/texmf-dist/tex/latex/url/url.sty
\Urlmuskip=\muskip11
Package: url 2013/09/16  ver 3.4  Verb mode for urls, etc.
)
LaTeX Info: Redefining \url on input line 5044.
\XeTeXLinkMargin=\dimen119
\Fld@menulength=\count116
\Field@Width=\dimen120
\Fld@charsize=\dimen121
Package hyperref Info: Hyper figures OFF on input line 6298.
Package hyperref Info: Link nesting OFF on input line 6303.
Package hyperref Info: Hyper index ON on input line 6306.
Package hyperref Info: backreferencing OFF on input line 6313.
Package hyperref Info: Link coloring OFF on input line 6318.
Package hyperref Info: Link coloring with OCG OFF on input line 6323.
Package hyperref Info: PDF/A mode OFF on input line 6328.
LaTeX Info: Redefining \ref on input line 6368.
LaTeX Info: Redefining \pageref on input line 6372.
\Hy@abspage=\count117
\c@Item=\count118
\c@Hfootnote=\count119
)

Package hyperref Message: Driver (autodetected): hpdftex.

(/usr/local/texlive/2016/texmf-dist/tex/latex/hyperref/hpdftex.def
File: hpdftex.def 2016/05/05 v6.83n Hyperref driver for pdfTeX
\Fld@listcount=\count120
\c@bookmark@seq@number=\count121
 (/usr/local/texlive/2016/texmf-dist/tex/latex/oberdiek/rerunfilecheck.sty
Package: rerunfilecheck 2016/05/16 v1.8 Rerun checks for auxiliary files (HO)
Package uniquecounter Info: New unique counter `rerunfilecheck' on input line 282.
)
\Hy@SectionHShift=\skip50
) (/usr/local/texlive/2016/texmf-dist/tex/latex/xcolor/xcolor.sty
Package: xcolor 2016/05/11 v2.12 LaTeX color extensions (UK)
 (/usr/local/texlive/2016/texmf-dist/tex/latex/graphics-cfg/color.cfg
File: color.cfg 2016/01/02 v1.6 sample color configuration
)
Package xcolor Info: Driver file: pdftex.def on input line 225.
Package xcolor Info: Model `cmy' substituted by `cmy0' on input line 1348.
Package xcolor Info: Model `hsb' substituted by `rgb' on input line 1352.
Package xcolor Info: Model `RGB' extended on input line 1364.
Package xcolor Info: Model `HTML' substituted by `rgb' on input line 1366.
Package xcolor Info: Model `Hsb' substituted by `hsb' on input line 1367.
Package xcolor Info: Model `tHsb' substituted by `hsb' on input line 1368.
Package xcolor Info: Model `HSB' substituted by `hsb' on input line 1369.
Package xcolor Info: Model `Gray' substituted by `gray' on input line 1370.
Package xcolor Info: Model `wave' substituted by `hsb' on input line 1371.
) (/usr/local/texlive/2016/texmf-dist/tex/latex/chngcntr/chngcntr.sty
Package: chngcntr 2009/09/02 v1.0a change counter resetting
) (/usr/local/texlive/2016/texmf-dist/tex/latex/doclicense/doclicense.sty
Package: doclicense 2016/04/24 v1.5.0 Support for putting documents under a license
 (/usr/local/texlive/2016/texmf-dist/tex/latex/xifthen/xifthen.sty
Package: xifthen 2015/11/05 v1.4.0 Extended ifthen features
 (/usr/local/texlive/2016/texmf-dist/tex/latex/tools/calc.sty
Package: calc 2014/10/28 v4.3 Infix arithmetic (KKT,FJ)
\calc@Acount=\count122
\calc@Bcount=\count123
\calc@Adimen=\dimen122
\calc@Bdimen=\dimen123
\calc@Askip=\skip51
\calc@Bskip=\skip52
LaTeX Info: Redefining \setlength on input line 80.
LaTeX Info: Redefining \addtolength on input line 81.
\calc@Ccount=\count124
\calc@Cskip=\skip53
) (/usr/local/texlive/2016/texmf-dist/tex/latex/base/ifthen.sty
Package: ifthen 2014/09/29 v1.1c Standard LaTeX ifthen package (DPC)
) (/usr/local/texlive/2016/texmf-dist/tex/latex/ifmtarg/ifmtarg.sty
Package: ifmtarg 2009/09/02 v1.2a check for an empty argument
)) (/usr/local/texlive/2016/texmf-dist/tex/latex/etoolbox/etoolbox.sty
Package: etoolbox 2015/08/02 v2.2a e-TeX tools for LaTeX (JAW)
\etb@tempcnta=\count125
) (/usr/local/texlive/2016/texmf-dist/tex/latex/tools/xspace.sty
Package: xspace 2014/10/28 v1.13 Space after command names (DPC,MH)
) (/usr/local/texlive/2016/texmf-dist/tex/latex/tools/verbatim.sty
Package: verbatim 2014/10/28 v1.5q LaTeX2e package for verbatim enhancements
\every@verbatim=\toks35
\verbatim@line=\toks36
\verbatim@in@stream=\read1
)
\doclicense@hsize=\skip54
 (/usr/local/texlive/2016/texmf-dist/tex/latex/doclicense/doclicense-english.ldf
File: doclicense-english.ldf 
)) (/usr/local/texlive/2016/texmf-dist/tex/latex/csquotes/csquotes.sty
Package: csquotes 2016/01/31 v5.1g context-sensitive quotations (JAW)
\csq@reset=\count126
\csq@gtype=\count127
\csq@glevel=\count128
\csq@qlevel=\count129
\csq@maxlvl=\count130
\csq@tshold=\count131
\csq@ltx@everypar=\toks37
 (/usr/local/texlive/2016/texmf-dist/tex/latex/csquotes/csquotes.def
File: csquotes.def 2016/01/31 v5.1g csquotes generic definitions (JAW)
)
Package csquotes Info: Trying to load configuration file 'csquotes.cfg'...
Package csquotes Info: ... configuration file loaded successfully.
 (/usr/local/texlive/2016/texmf-dist/tex/latex/csquotes/csquotes.cfg
File: csquotes.cfg 
)) (/usr/local/texlive/2016/texmf-dist/tex/latex/ccicons/ccicons.sty
Package: ccicons 2013/04/16 v1.5 LaTeX support for Creative Commons icons
 (/usr/local/texlive/2016/texmf-dist/tex/latex/xkeyval/xkeyval.sty
Package: xkeyval 2014/12/03 v2.7a package option processing (HA)
 (/usr/local/texlive/2016/texmf-dist/tex/generic/xkeyval/xkeyval.tex (/usr/local/texlive/2016/texmf-dist/tex/generic/xkeyval/xkvutils.tex
\XKV@toks=\toks38
\XKV@tempa@toks=\toks39
)
\XKV@depth=\count132
File: xkeyval.tex 2014/12/03 v2.7a key=value parser (HA)
))) (/Users/tianyudu/Documents/UToronto/Note_Sharing/Spikey_UofT_Notes/2018Fall/ECO325/.texpadtmp/eco325_lec_notes.aux)
\openout1 = `eco325_lec_notes.aux'.

LaTeX Font Info:    Checking defaults for OML/cmm/m/it on input line 26.
LaTeX Font Info:    ... okay on input line 26.
LaTeX Font Info:    Checking defaults for T1/cmr/m/n on input line 26.
LaTeX Font Info:    ... okay on input line 26.
LaTeX Font Info:    Checking defaults for OT1/cmr/m/n on input line 26.
LaTeX Font Info:    ... okay on input line 26.
LaTeX Font Info:    Checking defaults for OMS/cmsy/m/n on input line 26.
LaTeX Font Info:    ... okay on input line 26.
LaTeX Font Info:    Checking defaults for OMX/cmex/m/n on input line 26.
LaTeX Font Info:    ... okay on input line 26.
LaTeX Font Info:    Checking defaults for U/cmr/m/n on input line 26.
LaTeX Font Info:    ... okay on input line 26.
LaTeX Font Info:    Checking defaults for PD1/pdf/m/n on input line 26.
LaTeX Font Info:    ... okay on input line 26.
 (/usr/local/texlive/2016/texmf-dist/tex/context/base/mkii/supp-pdf.mkii
[Loading MPS to PDF converter (version 2006.09.02).]
\scratchcounter=\count133
\scratchdimen=\dimen124
\scratchbox=\box30
\nofMPsegments=\count134
\nofMParguments=\count135
\everyMPshowfont=\toks40
\MPscratchCnt=\count136
\MPscratchDim=\dimen125
\MPnumerator=\count137
\makeMPintoPDFobject=\count138
\everyMPtoPDFconversion=\toks41
) (/usr/local/texlive/2016/texmf-dist/tex/latex/oberdiek/epstopdf-base.sty
Package: epstopdf-base 2016/05/15 v2.6 Base part for package epstopdf
 (/usr/local/texlive/2016/texmf-dist/tex/latex/oberdiek/grfext.sty
Package: grfext 2016/05/16 v1.2 Manage graphics extensions (HO)
)
Package grfext Info: Graphics extension search list:
(grfext)             [.png,.pdf,.jpg,.mps,.jpeg,.jbig2,.jb2,.PNG,.PDF,.JPG,.JPEG,.JBIG2,.JB2,.eps]
(grfext)             \AppendGraphicsExtensions on input line 456.
 (/usr/local/texlive/2016/texmf-dist/tex/latex/latexconfig/epstopdf-sys.cfg
File: epstopdf-sys.cfg 2010/07/13 v1.3 Configuration of (r)epstopdf for TeX Live
))
\AtBeginShipoutBox=\box31
Package hyperref Info: Link coloring OFF on input line 26.
 (/usr/local/texlive/2016/texmf-dist/tex/latex/hyperref/nameref.sty
Package: nameref 2012/10/27 v2.43 Cross-referencing by name of section
 (/usr/local/texlive/2016/texmf-dist/tex/generic/oberdiek/gettitlestring.sty
Package: gettitlestring 2016/05/16 v1.5 Cleanup title references (HO)
)
\c@section@level=\count139
)
LaTeX Info: Redefining \ref on input line 26.
LaTeX Info: Redefining \pageref on input line 26.
LaTeX Info: Redefining \nameref on input line 26.
 (/Users/tianyudu/Documents/UToronto/Note_Sharing/Spikey_UofT_Notes/2018Fall/ECO325/.texpadtmp/eco325_lec_notes.out) (/Users/tianyudu/Documents/UToronto/Note_Sharing/Spikey_UofT_Notes/2018Fall/ECO325/.texpadtmp/eco325_lec_notes.out)
\@outlinefile=\write3
\openout3 = `eco325_lec_notes.out'.

LaTeX Font Info:    Try loading font information for U+msa on input line 28.
 (/usr/local/texlive/2016/texmf-dist/tex/latex/amsfonts/umsa.fd
File: umsa.fd 2013/01/14 v3.01 AMS symbols A
)
LaTeX Font Info:    Try loading font information for U+msb on input line 28.
 (/usr/local/texlive/2016/texmf-dist/tex/latex/amsfonts/umsb.fd
File: umsb.fd 2013/01/14 v3.01 AMS symbols B
) <doclicense-CC-by-nc.pdf, id=339, 121.45375pt x 43.16125pt>
File: doclicense-CC-by-nc.pdf Graphic file (type pdf)
 <use doclicense-CC-by-nc.pdf>
Package pdftex.def Info: doclicense-CC-by-nc.pdf used on input line 28.
(pdftex.def)             Requested size: 109.50027pt x 38.91324pt.
LaTeX Font Info:    Try loading font information for OMS+cmr on input line 34.
 (/usr/local/texlive/2016/texmf-dist/tex/latex/base/omscmr.fd
File: omscmr.fd 2014/09/29 v2.5h Standard LaTeX font definitions
)
LaTeX Font Info:    Font shape `OMS/cmr/m/n' in size <10.95> not available
(Font)              Font shape `OMS/cmsy/m/n' tried instead on input line 34.
 (/Users/tianyudu/Documents/UToronto/Note_Sharing/Spikey_UofT_Notes/2018Fall/ECO325/.texpadtmp/eco325_lec_notes.toc [1

{/usr/local/texlive/2016/texmf-var/fonts/map/pdftex/updmap/pdftex.map} </usr/local/texlive/2016/texmf-dist/tex/latex/doclicense/images/doclicense-CC-by-nc.pdf>] [2] [3])
\tf@toc=\write4
\openout4 = `eco325_lec_notes.toc'.

 [4] [5] [6] [7] [8]

Package hyperref Warning: Token not allowed in a PDF string (PDFDocEncoding):
(hyperref)                removing `math shift' on input line 264.


Package hyperref Warning: Token not allowed in a PDF string (PDFDocEncoding):
(hyperref)                removing `math shift' on input line 264.

[9] <figures/convex_prod_func.png, id=564, 194.1654pt x 155.6214pt>
File: figures/convex_prod_func.png Graphic file (type png)
 <use figures/convex_prod_func.png>
Package pdftex.def Info: figures/convex_prod_func.png used on input line 286.
(pdftex.def)             Requested size: 251.9989pt x 201.98245pt.
 <figures/3_1.png, id=566, 355.3275pt x 222.8325pt>
File: figures/3_1.png Graphic file (type png)
 <use figures/3_1.png>
Package pdftex.def Info: figures/3_1.png used on input line 303.
(pdftex.def)             Requested size: 216.0022pt x 135.4618pt.
 [10 <./figures/convex_prod_func.png>] <figures/3_2.png, id=577, 429.605pt x 301.125pt>
File: figures/3_2.png Graphic file (type png)
 <use figures/3_2.png>
Package pdftex.def Info: figures/3_2.png used on input line 309.
(pdftex.def)             Requested size: 216.0022pt x 151.40297pt.
 [11 <./figures/3_1.png> <./figures/3_2.png>] [12] [13] [14]

Package hyperref Warning: Token not allowed in a PDF string (PDFDocEncoding):
(hyperref)                removing `math shift' on input line 467.


Package hyperref Warning: Token not allowed in a PDF string (PDFDocEncoding):
(hyperref)                removing `subscript' on input line 467.


Package hyperref Warning: Token not allowed in a PDF string (PDFDocEncoding):
(hyperref)                removing `subscript' on input line 467.


Package hyperref Warning: Token not allowed in a PDF string (PDFDocEncoding):
(hyperref)                removing `math shift' on input line 467.

<figures/3_3.png, id=637, 420.57124pt x 316.18124pt>
File: figures/3_3.png Graphic file (type png)
 <use figures/3_3.png>
Package pdftex.def Info: figures/3_3.png used on input line 471.
(pdftex.def)             Requested size: 180.0pt x 135.32326pt.
 <figures/3_4.png, id=638, 451.6875pt x 724.7075pt>
File: figures/3_4.png Graphic file (type png)
 <use figures/3_4.png>
Package pdftex.def Info: figures/3_4.png used on input line 472.
(pdftex.def)             Requested size: 180.0pt x 288.80522pt.
 [15]

Package hyperref Warning: Token not allowed in a PDF string (PDFDocEncoding):
(hyperref)                removing `math shift' on input line 480.


Package hyperref Warning: Token not allowed in a PDF string (PDFDocEncoding):
(hyperref)                removing `math shift' on input line 480.

[16 <./figures/3_3.png> <./figures/3_4.png>]
Underfull \hbox (badness 10000) in paragraph at lines 485--486

 []

[17] [18] [19] [20] [21]
Underfull \hbox (badness 10000) in paragraph at lines 710--713

 []

<figures/4_1.png, id=713, 361.35pt x 223.83624pt>
File: figures/4_1.png Graphic file (type png)
 <use figures/4_1.png>
Package pdftex.def Info: figures/4_1.png used on input line 723.
(pdftex.def)             Requested size: 251.9989pt x 156.10025pt.


LaTeX Warning: `h' float specifier changed to `ht'.

[22] [23 <./figures/4_1.png (PNG copy)>] [24]
Overfull \hbox (83.90746pt too wide) in paragraph at lines 810--810
[] 
 []

[25] [26] [27] [28] [29]

Package hyperref Warning: Token not allowed in a PDF string (PDFDocEncoding):
(hyperref)                removing `math shift' on input line 1019.


Package hyperref Warning: Token not allowed in a PDF string (PDFDocEncoding):
(hyperref)                removing `math shift' on input line 1019.

[30] <figures/6_1.png, id=794, 436.63126pt x 376.40625pt>
File: figures/6_1.png Graphic file (type png)
 <use figures/6_1.png>
Package pdftex.def Info: figures/6_1.png used on input line 1036.
(pdftex.def)             Requested size: 161.9989pt x 139.65294pt.
 <figures/6_2.png, id=795, 419.5675pt x 339.2675pt>
File: figures/6_2.png Graphic file (type png)
 <use figures/6_2.png>
Package pdftex.def Info: figures/6_2.png used on input line 1037.
(pdftex.def)             Requested size: 161.9989pt x 130.9937pt.


Package hyperref Warning: Token not allowed in a PDF string (PDFDocEncoding):
(hyperref)                removing `math shift' on input line 1040.


Package hyperref Warning: Token not allowed in a PDF string (PDFDocEncoding):
(hyperref)                removing `math shift' on input line 1040.

<figures/6_3.png, id=796, 416.55624pt x 351.3125pt>
File: figures/6_3.png Graphic file (type png)
 <use figures/6_3.png>
Package pdftex.def Info: figures/6_3.png used on input line 1056.
(pdftex.def)             Requested size: 180.0pt x 151.80655pt.


LaTeX Warning: `h' float specifier changed to `ht'.

[31 <./figures/6_1.png> <./figures/6_2.png>] <figures/6_4.png, id=807, 488.82625pt x 397.485pt>
File: figures/6_4.png Graphic file (type png)
 <use figures/6_4.png>
Package pdftex.def Info: figures/6_4.png used on input line 1065.
(pdftex.def)             Requested size: 180.0pt x 146.36359pt.
 [32 <./figures/6_3.png> <./figures/6_4.png>] [33] [34] <figures/7_1.png, id=837, 798.985pt x 693.59125pt>
File: figures/7_1.png Graphic file (type png)
 <use figures/7_1.png>
Package pdftex.def Info: figures/7_1.png used on input line 1154.
(pdftex.def)             Requested size: 216.0022pt x 187.50497pt.
 [35 <./figures/7_1.png>]
Overfull \hbox (87.01883pt too wide) in paragraph at lines 1198--1198
[] 
 []


Overfull \hbox (45.70197pt too wide) in paragraph at lines 1202--1202
[] 
 []


Overfull \hbox (46.39163pt too wide) in paragraph at lines 1206--1206
[] 
 []


Overfull \hbox (63.38692pt too wide) in paragraph at lines 1211--1211
[] 
 []

[36]
Overfull \hbox (70.4209pt too wide) in paragraph at lines 1216--1216
[] 
 []

<figures/7_2.png, id=857, 994.71625pt x 617.30624pt>
File: figures/7_2.png Graphic file (type png)
 <use figures/7_2.png>
Package pdftex.def Info: figures/7_2.png used on input line 1233.
(pdftex.def)             Requested size: 288.0011pt x 178.73164pt.


LaTeX Warning: `h' float specifier changed to `ht'.

<figures/8_1.png, id=858, 429.605pt x 564.1075pt>
File: figures/8_1.png Graphic file (type png)
 <use figures/8_1.png>
Package pdftex.def Info: figures/8_1.png used on input line 1242.
(pdftex.def)             Requested size: 251.9989pt x 330.90105pt.
 [37]

LaTeX Warning: `h' float specifier changed to `ht'.

[38 <./figures/7_2.png>] [39 <./figures/8_1.png>] [40] [41]
Overfull \hbox (1.54259pt too wide) in paragraph at lines 1349--1350
[][]\OT1/cmr/m/it/10.95 In[]-[]vest[]-[]ment (pri-mar-ily in-ven-to-ries) fluc-tu-ates more than con-sump-
 []

[42] [43] [44] [45] [46] [47] [48]
Overfull \hbox (4.94598pt too wide) in paragraph at lines 1610--1610
[] 
 []

[49] [50]
Overfull \hbox (44.27145pt too wide) detected at line 1674
[]\OMS/cmsy/m/n/10.95 L \OT1/cmr/m/n/10.95 = \U/msb/m/n/10.95 E[][][][]
 []

[51] [52]
Overfull \hbox (32.36688pt too wide) detected at line 1726
[]\OMS/cmsy/m/n/10.95 L \OT1/cmr/m/n/10.95 = \U/msb/m/n/10.95 E[][][][] \OT1/cmr/m/n/10.95 + \OML/cmm/m/it/10.95 ^^U[][]K[]\OT1/cmr/m/n/10.95 (\OML/cmm/m/it/10.95 A[]`[]N\OT1/cmr/m/n/10.95 )[] \OMS/cmsy/m/n/10.95 ^^@ \OML/cmm/m/it/10.95 Nc[] \OMS/cmsy/m/n/10.95 ^^@ \OML/cmm/m/it/10.95 K[] \OT1/cmr/m/n/10.95 + \OML/cmm/m/it/10.95 K[] \OMS/cmsy/m/n/10.95 ^^@ \OML/cmm/m/it/10.95 G[][]
 []


Underfull \hbox (badness 10000) in paragraph at lines 1740--1742

 []

[53]
Overfull \hbox (23.7497pt too wide) in paragraph at lines 1780--1780
[] 
 []

[54] [55]
Overfull \hbox (55.55319pt too wide) in paragraph at lines 1812--1812
[] 
 []

[56]pdfTeX warning (ext4): destination with the same identifier (name{equation.10.1}) has been already used, duplicate ignored
<to be read again> 
                   \relax 
l.1858 					\begin{equation}
                            pdfTeX warning (ext4): destination with the same identifier (name{equation.10.1}) has been already used, duplicate ignored
<to be read again> 
                   \relax 
l.1858 					\begin{equation}
                            pdfTeX warning (ext4): destination with the same identifier (name{equation.10.1}) has been already used, duplicate ignored
<to be read again> 
                   \relax 
l.1858 					\begin{equation}
                            pdfTeX warning (ext4): destination with the same identifier (name{equation.10.1}) has been already used, duplicate ignored
<to be read again> 
                   \relax 
l.1858 					\begin{equation}
                             [57]pdfTeX warning (ext4): destination with the same identifier (name{equation.10.2}) has been already used, duplicate ignored
<to be read again> 
                   \relax 
l.1865 					\begin{equation}
                            pdfTeX warning (ext4): destination with the same identifier (name{equation.10.2}) has been already used, duplicate ignored
<to be read again> 
                   \relax 
l.1865 					\begin{equation}
                            pdfTeX warning (ext4): destination with the same identifier (name{equation.10.2}) has been already used, duplicate ignored
<to be read again> 
                   \relax 
l.1865 					\begin{equation}
                            pdfTeX warning (ext4): destination with the same identifier (name{equation.10.2}) has been already used, duplicate ignored
<to be read again> 
                   \relax 
l.1865 					\begin{equation}
                            pdfTeX warning (ext4): destination with the same identifier (name{equation.10.3}) has been already used, duplicate ignored
<to be read again> 
                   \relax 
l.1869 					\begin{equation}
                            pdfTeX warning (ext4): destination with the same identifier (name{equation.10.3}) has been already used, duplicate ignored
<to be read again> 
                   \relax 
l.1869 					\begin{equation}
                            pdfTeX warning (ext4): destination with the same identifier (name{equation.10.3}) has been already used, duplicate ignored
<to be read again> 
                   \relax 
l.1869 					\begin{equation}
                            pdfTeX warning (ext4): destination with the same identifier (name{equation.10.3}) has been already used, duplicate ignored
<to be read again> 
                   \relax 
l.1869 					\begin{equation}
                            pdfTeX warning (ext4): destination with the same identifier (name{equation.10.4}) has been already used, duplicate ignored
<to be read again> 
                   \relax 
l.1873 					\begin{equation}
                            pdfTeX warning (ext4): destination with the same identifier (name{equation.10.4}) has been already used, duplicate ignored
<to be read again> 
                   \relax 
l.1873 					\begin{equation}
                            pdfTeX warning (ext4): destination with the same identifier (name{equation.10.4}) has been already used, duplicate ignored
<to be read again> 
                   \relax 
l.1873 					\begin{equation}
                            pdfTeX warning (ext4): destination with the same identifier (name{equation.10.4}) has been already used, duplicate ignored
<to be read again> 
                   \relax 
l.1873 					\begin{equation}
                            pdfTeX warning (ext4): destination with the same identifier (name{equation.10.5}) has been already used, duplicate ignored
<to be read again> 
                   \relax 
l.1877 					\begin{equation}
                            pdfTeX warning (ext4): destination with the same identifier (name{equation.10.5}) has been already used, duplicate ignored
<to be read again> 
                   \relax 
l.1877 					\begin{equation}
                            pdfTeX warning (ext4): destination with the same identifier (name{equation.10.5}) has been already used, duplicate ignored
<to be read again> 
                   \relax 
l.1877 					\begin{equation}
                            pdfTeX warning (ext4): destination with the same identifier (name{equation.10.5}) has been already used, duplicate ignored
<to be read again> 
                   \relax 
l.1877 					\begin{equation}
                            pdfTeX warning (ext4): destination with the same identifier (name{equation.10.6}) has been already used, duplicate ignored
<to be read again> 
                   \relax 
l.1884 					\end{gather}
                        pdfTeX warning (ext4): destination with the same identifier (name{equation.10.7}) has been already used, duplicate ignored
<to be read again> 
                   \relax 
l.1884 					\end{gather}
                        pdfTeX warning (ext4): destination with the same identifier (name{equation.10.8}) has been already used, duplicate ignored
<to be read again> 
                   \relax 
l.1907 				\end{gather}
                       pdfTeX warning (ext4): destination with the same identifier (name{equation.10.9}) has been already used, duplicate ignored
<to be read again> 
                   \relax 
l.1907 				\end{gather}
                       pdfTeX warning (ext4): destination with the same identifier (name{equation.10.10}) has been already used, duplicate ignored
<to be read again> 
                   \relax 
l.1907 				\end{gather}
                       pdfTeX warning (ext4): destination with the same identifier (name{equation.10.11}) has been already used, duplicate ignored
<to be read again> 
                   \relax 
l.1907 				\end{gather}
                       pdfTeX warning (ext4): destination with the same identifier (name{equation.10.12}) has been already used, duplicate ignored
<to be read again> 
                   \relax 
l.1907 				\end{gather}
                       pdfTeX warning (ext4): destination with the same identifier (name{equation.10.13}) has been already used, duplicate ignored
<to be read again> 
                   \relax 
l.1907 				\end{gather}
                       pdfTeX warning (ext4): destination with the same identifier (name{equation.10.14}) has been already used, duplicate ignored
<to be read again> 
                   \relax 
l.1907 				\end{gather}
                       pdfTeX warning (ext4): destination with the same identifier (name{equation.10.15}) has been already used, duplicate ignored
<to be read again> 
                   \relax 
l.1907 				\end{gather}
                       pdfTeX warning (ext4): destination with the same identifier (name{equation.10.16}) has been already used, duplicate ignored
<to be read again> 
                   \relax 
l.1907 				\end{gather}
                        [58]pdfTeX warning (ext4): destination with the same identifier (name{equation.10.17}) has been already used, duplicate ignored
<to be read again> 
                   \relax 
l.1917 					\end{gather}
                        pdfTeX warning (ext4): destination with the same identifier (name{equation.10.18}) has been already used, duplicate ignored
<to be read again> 
                   \relax 
l.1917 					\end{gather}
                        pdfTeX warning (ext4): destination with the same identifier (name{equation.10.19}) has been already used, duplicate ignored
<to be read again> 
                   \relax 
l.1917 					\end{gather}
                        pdfTeX warning (ext4): destination with the same identifier (name{equation.10.20}) has been already used, duplicate ignored
<to be read again> 
                   \relax 
l.1928 				\end{gather}
                       pdfTeX warning (ext4): destination with the same identifier (name{equation.10.21}) has been already used, duplicate ignored
<to be read again> 
                   \relax 
l.1928 				\end{gather}
                       pdfTeX warning (ext4): destination with the same identifier (name{equation.10.22}) has been already used, duplicate ignored
<to be read again> 
                   \relax 
l.1928 				\end{gather}
                       pdfTeX warning (ext4): destination with the same identifier (name{equation.10.23}) has been already used, duplicate ignored
<to be read again> 
                   \relax 
l.1928 				\end{gather}
                       
Overfull \hbox (39.93053pt too wide) in paragraph at lines 1928--1928
[] 
 []

[59]pdfTeX warning (ext4): destination with the same identifier (name{equation.10.24}) has been already used, duplicate ignored
<to be read again> 
                   \relax 
l.1934 					\end{gather}
                        pdfTeX warning (ext4): destination with the same identifier (name{equation.10.25}) has been already used, duplicate ignored
<to be read again> 
                   \relax 
l.1934 					\end{gather}
                         [60]
Package atveryend Info: Empty hook `BeforeClearDocument' on input line 1994.
 [61]
Package atveryend Info: Empty hook `AfterLastShipout' on input line 1994.
 (/Users/tianyudu/Documents/UToronto/Note_Sharing/Spikey_UofT_Notes/2018Fall/ECO325/.texpadtmp/eco325_lec_notes.aux)
Package atveryend Info: Executing hook `AtVeryEndDocument' on input line 1994.
Package atveryend Info: Executing hook `AtEndAfterFileList' on input line 1994.
Package rerunfilecheck Info: File `eco325_lec_notes.out' has not changed.
(rerunfilecheck)             Checksum: <no file>.
Package atveryend Info: Empty hook `AtVeryVeryEnd' on input line 1994.
 ) 
Here is how much of TeX's memory you used:
 9580 strings out of 493014
 135022 string characters out of 6133351
 248893 words of memory out of 5000000
 12360 multiletter control sequences out of 15000+600000
 15349 words of font info for 58 fonts, out of 8000000 for 9000
 1141 hyphenation exceptions out of 8191
 34i,17n,46p,921b,641s stack positions out of 5000i,500n,10000p,200000b,80000s
</usr/local/texlive/2016/texmf-dist/fonts/type1/public/amsfonts/cm/cmbx10.pfb></usr/local/texlive/2016/texmf-dist/fonts/type1/public/amsfonts/cm/cmbx12.pfb></usr/local/texlive/2016/texmf-dist/fonts/type1/public/amsfonts/cm/cmbx8.pfb></usr/local/texlive/2016/texmf-dist/fonts/type1/public/amsfonts/cm/cmbxti10.pfb></usr/local/texlive/2016/texmf-dist/fonts/type1/public/amsfonts/cm/cmex10.pfb></usr/local/texlive/2016/texmf-dist/fonts/type1/public/amsfonts/cm/cmmi10.pfb></usr/local/texlive/2016/texmf-dist/fonts/type1/public/amsfonts/cm/cmmi12.pfb></usr/local/texlive/2016/texmf-dist/fonts/type1/public/amsfonts/cm/cmmi6.pfb></usr/local/texlive/2016/texmf-dist/fonts/type1/public/amsfonts/cm/cmmi8.pfb></usr/local/texlive/2016/texmf-dist/fonts/type1/public/amsfonts/cm/cmmi9.pfb></usr/local/texlive/2016/texmf-dist/fonts/type1/public/amsfonts/cm/cmr10.pfb></usr/local/texlive/2016/texmf-dist/fonts/type1/public/amsfonts/cm/cmr12.pfb></usr/local/texlive/2016/texmf-dist/fonts/type1/public/amsfonts/cm/cmr17.pfb></usr/local/texlive/2016/texmf-dist/fonts/type1/public/amsfonts/cm/cmr6.pfb></usr/local/texlive/2016/texmf-dist/fonts/type1/public/amsfonts/cm/cmr8.pfb></usr/local/texlive/2016/texmf-dist/fonts/type1/public/amsfonts/cm/cmr9.pfb></usr/local/texlive/2016/texmf-dist/fonts/type1/public/amsfonts/cm/cmsy10.pfb></usr/local/texlive/2016/texmf-dist/fonts/type1/public/amsfonts/cm/cmsy6.pfb></usr/local/texlive/2016/texmf-dist/fonts/type1/public/amsfonts/cm/cmsy8.pfb></usr/local/texlive/2016/texmf-dist/fonts/type1/public/amsfonts/cm/cmsy9.pfb></usr/local/texlive/2016/texmf-dist/fonts/type1/public/amsfonts/cm/cmti10.pfb></usr/local/texlive/2016/texmf-dist/fonts/type1/public/amsfonts/cm/cmtt10.pfb></usr/local/texlive/2016/texmf-dist/fonts/type1/public/amsfonts/symbols/msam10.pfb></usr/local/texlive/2016/texmf-dist/fonts/type1/public/amsfonts/symbols/msbm10.pfb>
Output written on /Users/tianyudu/Documents/UToronto/Note_Sharing/Spikey_UofT_Notes/2018Fall/ECO325/.texpadtmp/eco325_lec_notes.pdf (61 pages, 777822 bytes).
PDF statistics:
 1379 PDF objects out of 1440 (max. 8388607)
 1253 compressed objects within 13 object streams
 574 named destinations out of 1000 (max. 500000)
 735 words of extra memory for PDF output out of 10000 (max. 10000000)

