\BOOKMARK [1][-]{section.1}{Lecture 1 September 6. 2018}{}% 1
\BOOKMARK [2][-]{subsection.1.1}{Solow Growth Model \(continuous time version\)}{section.1}% 2
\BOOKMARK [3][-]{subsubsection.1.1.1}{Production Function}{subsection.1.1}% 3
\BOOKMARK [1][-]{section.2}{Lecture 2 September 13. 2018}{}% 4
\BOOKMARK [2][-]{subsection.2.1}{Solow Growth Model: Setup}{section.2}% 5
\BOOKMARK [2][-]{subsection.2.2}{Dynamics of k\(t\)}{section.2}% 6
\BOOKMARK [1][-]{section.3}{Lecture 3 September 20. 2018}{}% 7
\BOOKMARK [2][-]{subsection.3.1}{Dynamic Transitions}{section.3}% 8
\BOOKMARK [2][-]{subsection.3.2}{Balanced Growth Path}{section.3}% 9
\BOOKMARK [3][-]{subsubsection.3.2.1}{Growth Rates on Balanced Growth Path}{subsection.3.2}% 10
\BOOKMARK [2][-]{subsection.3.3}{Experiment}{section.3}% 11
\BOOKMARK [3][-]{subsubsection.3.3.1}{Impact of Change in the Saving Rate \(s1 > s0\)}{subsection.3.3}% 12
\BOOKMARK [3][-]{subsubsection.3.3.2}{Derive the Effect of Change in s Mathematically}{subsection.3.3}% 13
\BOOKMARK [1][-]{section.4}{Lecture 4 September 27. 2018}{}% 14
\BOOKMARK [2][-]{subsection.4.1}{Speed of Convergence}{section.4}% 15
\BOOKMARK [2][-]{subsection.4.2}{General Statements}{section.4}% 16
\BOOKMARK [2][-]{subsection.4.3}{Growth Accounting}{section.4}% 17
\BOOKMARK [1][-]{section.5}{Lecture 5 October 11. 2018}{}% 18
\BOOKMARK [2][-]{subsection.5.1}{Economy Setup}{section.5}% 19
\BOOKMARK [2][-]{subsection.5.2}{Households}{section.5}% 20
\BOOKMARK [3][-]{subsubsection.5.2.1}{Assumptions and Behaviours}{subsection.5.2}% 21
\BOOKMARK [3][-]{subsubsection.5.2.2}{Objective Functions}{subsection.5.2}% 22
\BOOKMARK [3][-]{subsubsection.5.2.3}{Household Budget Constraints}{subsection.5.2}% 23
\BOOKMARK [2][-]{subsection.5.3}{Instantaneous Utility Function}{section.5}% 24
\BOOKMARK [1][-]{section.6}{Lecture 6 Oct 18. 2018}{}% 25
\BOOKMARK [2][-]{subsection.6.1}{Firm Setup}{section.6}% 26
\BOOKMARK [2][-]{subsection.6.2}{Firm's Optimization}{section.6}% 27
\BOOKMARK [2][-]{subsection.6.3}{Household Behaviour}{section.6}% 28
\BOOKMARK [2][-]{subsection.6.4}{The Behaviour of Consumption}{section.6}% 29
\BOOKMARK [2][-]{subsection.6.5}{Dynamics of the Economy}{section.6}% 30
\BOOKMARK [3][-]{subsubsection.6.5.1}{Dynamic of c}{subsection.6.5}% 31
\BOOKMARK [3][-]{subsubsection.6.5.2}{Dynamic of k}{subsection.6.5}% 32
\BOOKMARK [3][-]{subsubsection.6.5.3}{Initial Point Problem \(Saddle Path\)}{subsection.6.5}% 33
\BOOKMARK [1][-]{section.7}{Lecture 7 Oct. 25 2018}{}% 34
\BOOKMARK [2][-]{subsection.7.1}{Welfare}{section.7}% 35
\BOOKMARK [2][-]{subsection.7.2}{In the Long Run: Balanced Growth Path}{section.7}% 36
\BOOKMARK [2][-]{subsection.7.3}{Modified Golden Rule Level of Capital}{section.7}% 37
\BOOKMARK [2][-]{subsection.7.4}{Experiment: an unexpected fall in the discounted rate .}{section.7}% 38
\BOOKMARK [2][-]{subsection.7.5}{Experiment: government purchases}{section.7}% 39
\BOOKMARK [1][-]{section.8}{Lecture 8 Nov. 1 2018}{}% 40
\BOOKMARK [2][-]{subsection.8.1}{Government Spending: without bonds}{section.8}% 41
\BOOKMARK [3][-]{subsubsection.8.1.1}{Temporary shock in G}{subsection.8.1}% 42
\BOOKMARK [2][-]{subsection.8.2}{Government Spending: with bonds \(voluntary taxation\)}{section.8}% 43
\BOOKMARK [2][-]{subsection.8.3}{Problems of Ricardian Equivalence}{section.8}% 44
\BOOKMARK [3][-]{subsubsection.8.3.1}{Turn Over of Population}{subsection.8.3}% 45
\BOOKMARK [3][-]{subsubsection.8.3.2}{Liquidity Constraint}{subsection.8.3}% 46
\BOOKMARK [3][-]{subsubsection.8.3.3}{No Lump-sum Tax in Real World}{subsection.8.3}% 47
\BOOKMARK [3][-]{subsubsection.8.3.4}{Rule of Thumb: Imperfect Foreseeing}{subsection.8.3}% 48
