\BOOKMARK [1][-]{section.1}{Lecture 1 May. 8 2018}{}% 1
\BOOKMARK [2][-]{subsection.1.1}{Budget Constraint}{section.1}% 2
\BOOKMARK [3][-]{subsubsection.1.1.1}{Types of Income}{subsection.1.1}% 3
\BOOKMARK [3][-]{subsubsection.1.1.2}{Exogenous Income}{subsection.1.1}% 4
\BOOKMARK [3][-]{subsubsection.1.1.3}{Endogenous Income}{subsection.1.1}% 5
\BOOKMARK [2][-]{subsection.1.2}{Opportunity Cost}{section.1}% 6
\BOOKMARK [2][-]{subsection.1.3}{Changes that affect the budget constraint}{section.1}% 7
\BOOKMARK [3][-]{subsubsection.1.3.1}{Pure income change}{subsection.1.3}% 8
\BOOKMARK [3][-]{subsubsection.1.3.2}{Price change}{subsection.1.3}% 9
\BOOKMARK [3][-]{subsubsection.1.3.3}{Endogenous income price change}{subsection.1.3}% 10
\BOOKMARK [1][-]{section.2}{Lecture 2 May. 9 2018}{}% 11
\BOOKMARK [2][-]{subsection.2.1}{Tastes as Binary Relations}{section.2}% 12
\BOOKMARK [2][-]{subsection.2.2}{Rationality Assumptions on Preference Relation}{section.2}% 13
\BOOKMARK [2][-]{subsection.2.3}{Convenience Assumptions}{section.2}% 14
\BOOKMARK [2][-]{subsection.2.4}{Indifference Curve}{section.2}% 15
\BOOKMARK [2][-]{subsection.2.5}{Utility Function}{section.2}% 16
\BOOKMARK [1][-]{section.3}{Lecture 3 May. 15 2018}{}% 17
\BOOKMARK [2][-]{subsection.3.1}{Different Types of Tastes}{section.3}% 18
\BOOKMARK [3][-]{subsubsection.3.1.1}{Shape and Substitutability Along IC}{subsection.3.1}% 19
\BOOKMARK [3][-]{subsubsection.3.1.2}{Diminishing MRS}{subsection.3.1}% 20
\BOOKMARK [1][-]{section.4}{Tutorial 2 May. 17 2018}{}% 21
\BOOKMARK [2][-]{subsection.4.1}{Different types of utility functions}{section.4}% 22
