\BOOKMARK [1][-]{section.1}{Chapter 2: Measurements}{}% 1
\BOOKMARK [2][-]{subsection.1.1}{Measuring GDP}{section.1}% 2
\BOOKMARK [2][-]{subsection.1.2}{Measuring Changes over Time}{section.1}% 3
\BOOKMARK [2][-]{subsection.1.3}{Saving and Investment}{section.1}% 4
\BOOKMARK [2][-]{subsection.1.4}{Labor Market Measurement}{section.1}% 5
\BOOKMARK [1][-]{section.2}{Chapter 4: Consumer and Firm Behaviour in a One-period Model}{}% 6
\BOOKMARK [2][-]{subsection.2.1}{Representative Agent: Consumer}{section.2}% 7
\BOOKMARK [3][-]{subsubsection.2.1.1}{Controls}{subsection.2.1}% 8
\BOOKMARK [3][-]{subsubsection.2.1.2}{Assumptions}{subsection.2.1}% 9
\BOOKMARK [3][-]{subsubsection.2.1.3}{Constraints}{subsection.2.1}% 10
\BOOKMARK [3][-]{subsubsection.2.1.4}{Experiments}{subsection.2.1}% 11
\BOOKMARK [3][-]{subsubsection.2.1.5}{Constructing Labor Supply}{subsection.2.1}% 12
\BOOKMARK [3][-]{subsubsection.2.1.6}{Formalizing Consumer's Optimization Problem}{subsection.2.1}% 13
\BOOKMARK [3][-]{subsubsection.2.1.7}{Comparative Statistics}{subsection.2.1}% 14
\BOOKMARK [2][-]{subsection.2.2}{Representative Agent: Firm}{section.2}% 15
\BOOKMARK [3][-]{subsubsection.2.2.1}{Production Function}{subsection.2.2}% 16
\BOOKMARK [3][-]{subsubsection.2.2.2}{Assumptions}{subsection.2.2}% 17
\BOOKMARK [3][-]{subsubsection.2.2.3}{Optimization Problem}{subsection.2.2}% 18
\BOOKMARK [3][-]{subsubsection.2.2.4}{Formalizing Firm's Optimization Problem}{subsection.2.2}% 19
\BOOKMARK [3][-]{subsubsection.2.2.5}{Comparative Statistics}{subsection.2.2}% 20
\BOOKMARK [3][-]{subsubsection.2.2.6}{Adding Taxes}{subsection.2.2}% 21
\BOOKMARK [1][-]{section.3}{Chapter 5: General Equilibrium}{}% 22
\BOOKMARK [2][-]{subsection.3.1}{Summary in Previous Lectures}{section.3}% 23
\BOOKMARK [2][-]{subsection.3.2}{One-Period General Equilibrium Model}{section.3}% 24
\BOOKMARK [3][-]{subsubsection.3.2.1}{Assumptions}{subsection.3.2}% 25
\BOOKMARK [3][-]{subsubsection.3.2.2}{Equilibrium Conditions}{subsection.3.2}% 26
\BOOKMARK [3][-]{subsubsection.3.2.3}{With Government}{subsection.3.2}% 27
\BOOKMARK [3][-]{subsubsection.3.2.4}{Variables}{subsection.3.2}% 28
