\BOOKMARK [1][-]{section.1}{Lecture1 Jan.9 2018}{}% 1
\BOOKMARK [2][-]{subsection.1.1}{Vector spaces}{section.1}% 2
\BOOKMARK [2][-]{subsection.1.2}{Examples of vector spaces}{section.1}% 3
\BOOKMARK [2][-]{subsection.1.3}{Some properties of vector spaces}{section.1}% 4
\BOOKMARK [1][-]{section.2}{Lecture2 Jan.10 2018}{}% 5
\BOOKMARK [2][-]{subsection.2.1}{Some properties of vector spaces-Cont'd}{section.2}% 6
\BOOKMARK [2][-]{subsection.2.2}{Subspaces}{section.2}% 7
\BOOKMARK [2][-]{subsection.2.3}{Examples of subspaces}{section.2}% 8
\BOOKMARK [2][-]{subsection.2.4}{Recall from MAT223}{section.2}% 9
\BOOKMARK [1][-]{section.3}{Lecture3 Jan.16 2018}{}% 10
\BOOKMARK [2][-]{subsection.3.1}{Linear Combination}{section.3}% 11
\BOOKMARK [2][-]{subsection.3.2}{Combination of subspaces}{section.3}% 12
\BOOKMARK [1][-]{section.4}{Lecture4 Jan.17 2018}{}% 13
\BOOKMARK [2][-]{subsection.4.1}{Cont'd}{section.4}% 14
\BOOKMARK [2][-]{subsection.4.2}{Linear Independence}{section.4}% 15
\BOOKMARK [1][-]{section.5}{Lecture5 Jan.23 2018}{}% 16
\BOOKMARK [2][-]{subsection.5.1}{Linear independence, recall definitions}{section.5}% 17
\BOOKMARK [3][-]{subsubsection.5.1.1}{Alternative definitions of linear independency}{subsection.5.1}% 18
\BOOKMARK [2][-]{subsection.5.2}{Basis}{section.5}% 19
\BOOKMARK [2][-]{subsection.5.3}{Dimensions}{section.5}% 20
\BOOKMARK [3][-]{subsubsection.5.3.1}{Consequences of fundamental theorem}{subsection.5.3}% 21
\BOOKMARK [3][-]{subsubsection.5.3.2}{Use dimension to prove facts about linearly \(in\)dependent sets and subspaces}{subsection.5.3}% 22
\BOOKMARK [1][-]{section.6}{Lecture6 Jan.24 2018}{}% 23
\BOOKMARK [2][-]{subsection.6.1}{Basis and Dimension}{section.6}% 24
\BOOKMARK [1][-]{section.7}{Lecture7 Jan.30. 2018}{}% 25
\BOOKMARK [2][-]{subsection.7.1}{Linear Transformations}{section.7}% 26
\BOOKMARK [2][-]{subsection.7.2}{Properties of linear transformations}{section.7}% 27
\BOOKMARK [2][-]{subsection.7.3}{Definitions}{section.7}% 28
\BOOKMARK [1][-]{section.8}{Lecture8 Jan.31 2018}{}% 29
\BOOKMARK [2][-]{subsection.8.1}{Linear Transformations}{section.8}% 30
\BOOKMARK [2][-]{subsection.8.2}{Applications of dimension theorem}{section.8}% 31
\BOOKMARK [1][-]{section.9}{Lecture9 Feb.6 2018}{}% 32
\BOOKMARK [2][-]{subsection.9.1}{Applications of dimension theorem}{section.9}% 33
\BOOKMARK [2][-]{subsection.9.2}{Isomorphisms}{section.9}% 34
\BOOKMARK [2][-]{subsection.9.3}{Coordinates}{section.9}% 35
\BOOKMARK [1][-]{section.10}{Lecture10 Feb.7 2018}{}% 36
\BOOKMARK [2][-]{subsection.10.1}{Matrix of linear transformation}{section.10}% 37
\BOOKMARK [1][-]{section.11}{lecture11 Feb.13 2018}{}% 38
\BOOKMARK [2][-]{subsection.11.1}{Algebra of Transformation}{section.11}% 39
\BOOKMARK [2][-]{subsection.11.2}{Matrix of composition of transformations}{section.11}% 40
\BOOKMARK [2][-]{subsection.11.3}{Inverse transformations}{section.11}% 41
\BOOKMARK [2][-]{subsection.11.4}{Change of basis}{section.11}% 42
\BOOKMARK [1][-]{section.12}{Lecture12 Feb.14 2018}{}% 43
\BOOKMARK [1][-]{section.13}{Lecture13 Feb.27 2018}{}% 44
\BOOKMARK [2][-]{subsection.13.1}{Diagonalization}{section.13}% 45
\BOOKMARK [2][-]{subsection.13.2}{How to find eigenvalues and eigenvectors of T}{section.13}% 46
\BOOKMARK [1][-]{section.14}{Lecture14 Feb.28 2018}{}% 47
\BOOKMARK [1][-]{section.15}{Lecture15 Mar.6 2018}{}% 48
\BOOKMARK [2][-]{subsection.15.1}{Fields}{section.15}% 49
\BOOKMARK [2][-]{subsection.15.2}{Complex Numbers}{section.15}% 50
\BOOKMARK [1][-]{section.16}{Lecture16 Mar.7 2018}{}% 51
\BOOKMARK [2][-]{subsection.16.1}{Vector space over a field}{section.16}% 52
\BOOKMARK [2][-]{subsection.16.2}{Complex vector space}{section.16}% 53
\BOOKMARK [1][-]{section.17}{Lecture 17 Mar.13 2018}{}% 54
\BOOKMARK [1][-]{section.18}{Lecture 18 Mar.14 2018}{}% 55
\BOOKMARK [2][-]{subsection.18.1}{Triangular form}{section.18}% 56
\BOOKMARK [2][-]{subsection.18.2}{Nilpotent transformation}{section.18}% 57
\BOOKMARK [1][-]{section.19}{Lecture 19 Mar.20 2018}{}% 58
\BOOKMARK [1][-]{section.20}{Lecture 20 Mar.21 2018}{}% 59
\BOOKMARK [2][-]{subsection.20.1}{Nilpotent Transformations}{section.20}% 60
\BOOKMARK [2][-]{subsection.20.2}{Canonical Forms for Transformations T: V V with Single Eigenvalue }{section.20}% 61
\BOOKMARK [2][-]{subsection.20.3}{Graph\(Computational aspect\)}{section.20}% 62
\BOOKMARK [1][-]{section.21}{Lecture21 Mar.27 2018}{}% 63
\BOOKMARK [2][-]{subsection.21.1}{Goal}{section.21}% 64
\BOOKMARK [1][-]{section.22}{Lecture22 Mar.28 2018}{}% 65
\BOOKMARK [2][-]{subsection.22.1}{Examples on finding JCF.}{section.22}% 66
