\BOOKMARK [1][-]{section.1}{\376\377\000P\000r\000e\000l\000i\000m\000i\000n\000a\000r\000i\000e\000s}{}% 1
\BOOKMARK [2][-]{subsection.1.1}{\376\377\000M\000e\000a\000n\000\040\000V\000a\000l\000u\000e\000\040\000T\000h\000e\000o\000r\000e\000m\000s\000\040\000a\000n\000d\000\040\000T\000a\000y\000l\000o\000r\000\040\000A\000p\000p\000r\000o\000x\000i\000m\000a\000t\000i\000o\000n\000s\000.}{section.1}% 2
\BOOKMARK [2][-]{subsection.1.2}{\376\377\000I\000m\000p\000l\000i\000c\000i\000t\000\040\000F\000u\000n\000c\000t\000i\000o\000n\000\040\000T\000h\000e\000o\000r\000e\000m}{section.1}% 3
\BOOKMARK [1][-]{section.2}{\376\377\000C\000o\000n\000v\000e\000x\000i\000t\000y}{}% 4
\BOOKMARK [2][-]{subsection.2.1}{\376\377\000T\000e\000r\000m\000i\000n\000o\000l\000o\000g\000i\000e\000s}{section.2}% 5
\BOOKMARK [2][-]{subsection.2.2}{\376\377\000B\000a\000s\000i\000c\000\040\000P\000r\000o\000p\000e\000r\000t\000i\000e\000s\000\040\000o\000f\000\040\000C\000o\000n\000v\000e\000x\000\040\000F\000u\000n\000c\000t\000i\000o\000n\000s}{section.2}% 6
\BOOKMARK [2][-]{subsection.2.3}{\376\377\000C\000h\000a\000r\000a\000c\000t\000e\000r\000i\000s\000t\000i\000c\000s\000\040\000o\000f\000\040\000C\0001\000\040\000C\000o\000n\000v\000e\000x\000\040\000F\000u\000n\000c\000t\000i\000o\000n\000s}{section.2}% 7
\BOOKMARK [2][-]{subsection.2.4}{\376\377\000M\000i\000n\000i\000m\000u\000m\000\040\000a\000n\000d\000\040\000M\000a\000x\000i\000m\000u\000m\000\040\000o\000f\000\040\000C\000o\000n\000v\000e\000x\000\040\000F\000u\000n\000c\000t\000i\000o\000n\000s}{section.2}% 8
\BOOKMARK [1][-]{section.3}{\376\377\000F\000i\000n\000i\000t\000e\000\040\000D\000i\000m\000e\000n\000s\000i\000o\000n\000a\000l\000\040\000O\000p\000t\000i\000m\000i\000z\000a\000t\000i\000o\000n}{}% 9
\BOOKMARK [2][-]{subsection.3.1}{\376\377\000U\000n\000c\000o\000n\000s\000t\000r\000a\000i\000n\000t\000\040\000O\000p\000t\000i\000m\000i\000z\000a\000t\000i\000o\000n}{section.3}% 10
\BOOKMARK [2][-]{subsection.3.2}{\376\377\000E\000q\000u\000a\000l\000i\000t\000y\000\040\000C\000o\000n\000s\000t\000r\000a\000i\000n\000t\000s\000:\000\040\000L\000a\000g\000r\000a\000n\000g\000i\000a\000n\000\040\000M\000u\000l\000t\000i\000p\000l\000i\000e\000r}{section.3}% 11
\BOOKMARK [2][-]{subsection.3.3}{\376\377\000R\000e\000m\000a\000r\000k\000\040\000o\000n\000\040\000t\000h\000e\000\040\000C\000o\000n\000n\000e\000c\000t\000i\000o\000n\000\040\000B\000e\000t\000w\000e\000e\000n\000\040\000C\000o\000n\000s\000t\000r\000a\000i\000n\000e\000d\000\040\000a\000n\000d\000\040\000U\000n\000c\000o\000n\000s\000t\000r\000a\000i\000n\000e\000d\000\040\000O\000p\000t\000i\000m\000i\000z\000a\000t\000i\000o\000n\000s}{section.3}% 12
\BOOKMARK [2][-]{subsection.3.4}{\376\377\000I\000n\000e\000q\000u\000a\000l\000i\000t\000y\000\040\000C\000o\000n\000s\000t\000r\000a\000i\000n\000t\000s}{section.3}% 13
\BOOKMARK [1][-]{section.4}{\376\377\000I\000t\000e\000r\000a\000t\000i\000v\000e\000\040\000A\000l\000g\000o\000r\000i\000t\000h\000m\000s\000\040\000f\000o\000r\000\040\000O\000p\000t\000i\000m\000i\000z\000a\000t\000i\000o\000n}{}% 14
\BOOKMARK [2][-]{subsection.4.1}{\376\377\000N\000e\000w\000t\000o\000n\000'\000s\000\040\000M\000e\000t\000h\000o\000d}{section.4}% 15
\BOOKMARK [2][-]{subsection.4.2}{\376\377\000S\000t\000e\000e\000p\000e\000s\000t\000/\000G\000r\000a\000d\000i\000e\000n\000t\000\040\000D\000e\000s\000c\000e\000n\000t}{section.4}% 16
\BOOKMARK [3][-]{subsubsection.4.2.1}{\376\377\000S\000t\000e\000e\000p\000e\000s\000t\000\040\000D\000e\000s\000c\000e\000n\000t\000:\000\040\000t\000h\000e\000\040\000Q\000u\000a\000d\000r\000a\000t\000i\000c\000\040\000C\000a\000s\000e}{subsection.4.2}% 17
\BOOKMARK [2][-]{subsection.4.3}{\376\377\000M\000e\000t\000h\000o\000d\000\040\000o\000f\000\040\000C\000o\000n\000j\000u\000g\000a\000t\000e\000\040\000D\000i\000r\000e\000c\000t\000i\000o\000n\000s}{section.4}% 18
\BOOKMARK [2][-]{subsection.4.4}{\376\377\000G\000e\000o\000m\000e\000t\000r\000i\000c\000\040\000I\000n\000t\000e\000r\000p\000r\000e\000t\000a\000t\000i\000o\000n\000s\000\040\000o\000f\000\040\000M\000e\000t\000h\000o\000d\000\040\000o\000f\000\040\000C\000o\000n\000j\000u\000g\000a\000t\000e\000\040\000D\000i\000r\000e\000c\000t\000i\000o\000n\000s}{section.4}% 19
\BOOKMARK [1][-]{section.5}{\376\377\000I\000n\000f\000i\000n\000i\000t\000e\000\040\000D\000i\000m\000e\000n\000s\000i\000o\000n\000a\000l\000\040\000O\000p\000t\000i\000m\000i\000z\000a\000t\000i\000o\000n}{}% 20
\BOOKMARK [2][-]{subsection.5.1}{\376\377\000C\000a\000l\000c\000u\000l\000u\000s\000\040\000o\000f\000\040\000V\000a\000r\000i\000a\000t\000i\000o\000n}{section.5}% 21
\BOOKMARK [3][-]{subsubsection.5.1.1}{\376\377\000T\000h\000e\000\040\000C\000a\000n\000o\000n\000i\000c\000a\000l\000\040\000E\000x\000a\000m\000p\000l\000e}{subsection.5.1}% 22
\BOOKMARK [2][-]{subsection.5.2}{\376\377\000A\000\040\000C\000l\000a\000s\000s\000i\000c\000a\000l\000\040\000E\000x\000a\000m\000p\000l\000e\000\040\000f\000r\000o\000m\000\040\000P\000h\000y\000s\000i\000c\000s\000:\000\040\000B\000r\000a\000c\000h\000i\000s\000t\000o\000c\000h\000r\000o\000n\000e}{section.5}% 23
\BOOKMARK [2][-]{subsection.5.3}{\376\377\000G\000e\000n\000e\000r\000a\000l\000\040\000C\000l\000a\000s\000s\000\040\000o\000f\000\040\000P\000r\000o\000b\000l\000e\000m\000s\000\040\000i\000n\000\040\000C\000a\000l\000c\000u\000l\000u\000s\000\040\000o\000f\000\040\000V\000a\000r\000i\000a\000t\000i\000o\000n\000s}{section.5}% 24
\BOOKMARK [2][-]{subsection.5.4}{\376\377\000E\000u\000l\000e\000r\000-\000L\000a\000g\000r\000a\000n\000g\000e\000\040\000E\000q\000u\000a\000t\000i\000o\000n\000s\000\040\000i\000n\000\040\000R\000n}{section.5}% 25
\BOOKMARK [2][-]{subsection.5.5}{\376\377\000E\000q\000u\000a\000l\000i\000t\000y\000\040\000C\000o\000n\000s\000t\000r\000a\000i\000n\000t\000s\000:\000\040\000I\000s\000o\000p\000e\000r\000i\000m\000e\000t\000r\000i\000c\000\040\000C\000a\000s\000e}{section.5}% 26
\BOOKMARK [2][-]{subsection.5.6}{\376\377\000E\000q\000u\000a\000l\000i\000t\000y\000\040\000C\000o\000n\000s\000t\000r\000a\000i\000n\000t\000s\000:\000\040\000H\000o\000l\000o\000n\000o\000m\000i\000c\000\040\000C\000a\000s\000e}{section.5}% 27
\BOOKMARK [2][-]{subsection.5.7}{\376\377\000G\000e\000o\000d\000e\000s\000i\000c\000s\000\040\000o\000n\000\040\000t\000h\000e\000\040\000C\000y\000l\000i\000n\000d\000e\000r}{section.5}% 28
\BOOKMARK [1][-]{section.6}{\376\377\000A\000p\000p\000e\000n\000d\000i\000x\000\040\000I\000:\000\040\000S\000o\000m\000e\000\040\000B\000a\000s\000i\000c\000\040\000O\000D\000E\000s}{}% 29
\BOOKMARK [1][-]{section.7}{\376\377\000A\000p\000p\000e\000n\000d\000i\000x\000\040\000I\000I\000:\000\040\000L\000i\000s\000t\000\040\000o\000f\000\040\000T\000h\000e\000o\000r\000e\000m\000s}{}% 30
\BOOKMARK [2][-]{subsection.7.1}{\376\377\000F\000i\000n\000i\000t\000e\000\040\000D\000i\000m\000e\000n\000s\000i\000o\000n\000a\000l\000:\000\040\000U\000n\000c\000o\000n\000s\000t\000r\000a\000i\000n\000e\000d}{section.7}% 31
\BOOKMARK [2][-]{subsection.7.2}{\376\377\000F\000i\000n\000i\000t\000e\000\040\000D\000i\000m\000e\000n\000s\000i\000o\000n\000a\000l\000:\000\040\000E\000q\000u\000a\000l\000i\000t\000y\000\040\000C\000o\000n\000s\000t\000r\000a\000i\000n\000t\000s}{section.7}% 32
\BOOKMARK [2][-]{subsection.7.3}{\376\377\000F\000i\000n\000i\000t\000e\000\040\000D\000i\000m\000e\000n\000s\000i\000o\000n\000a\000l\000:\000\040\000I\000n\000e\000q\000u\000a\000l\000i\000t\000y\000\040\000C\000o\000n\000s\000t\000r\000a\000i\000n\000t\000s}{section.7}% 33
\BOOKMARK [2][-]{subsection.7.4}{\376\377\000I\000t\000e\000r\000a\000t\000i\000v\000e\000\040\000A\000l\000g\000o\000r\000i\000t\000h\000m\000s}{section.7}% 34
\BOOKMARK [2][-]{subsection.7.5}{\376\377\000I\000n\000f\000i\000n\000i\000t\000e\000\040\000D\000i\000m\000e\000n\000s\000i\000o\000n\000a\000l\000\040\000A\000n\000a\000l\000y\000s\000i\000s\000:\000\040\000C\000a\000l\000c\000u\000l\000u\000s\000\040\000o\000f\000\040\000V\000a\000r\000i\000a\000t\000i\000o\000n}{section.7}% 35
