\BOOKMARK [1][-]{section.1}{Lecture 1 Sep. 7 2018}{}% 1
\BOOKMARK [1][-]{section.2}{Lecture 2 Sep. 10 2018}{}% 2
\BOOKMARK [1][-]{section.3}{Lecture 3 Sep. 12 2018}{}% 3
\BOOKMARK [1][-]{section.4}{Lecture 4 Sep. 14 2018}{}% 4
\BOOKMARK [1][-]{section.5}{Lecture 5 Sep. 17 2018}{}% 5
\BOOKMARK [1][-]{section.6}{Lecture 6 Sep. 19 2018}{}% 6
\BOOKMARK [1][-]{section.7}{Lecture 7 Sep. 21 2018}{}% 7
\BOOKMARK [1][-]{section.8}{Lecture 8 Sep. 24 2018}{}% 8
\BOOKMARK [1][-]{section.9}{Lecture 9 Sep. 26 2018}{}% 9
\BOOKMARK [1][-]{section.10}{Lecture 10 Sep. 28 2018}{}% 10
\BOOKMARK [1][-]{section.11}{Lecture 11 Oct. 1 2018}{}% 11
\BOOKMARK [2][-]{subsection.11.1}{Rational and Irrational Numbers}{section.11}% 12
\BOOKMARK [1][-]{section.12}{Lecture 12 Oct. 3 2018}{}% 13
\BOOKMARK [1][-]{section.13}{Lecture 13 Oct. 5 2018}{}% 14
\BOOKMARK [1][-]{section.14}{Lecture 14 Oct. 10 2018 Euclidean Algorithm}{}% 15
\BOOKMARK [2][-]{subsection.14.1}{Conventional Method}{section.14}% 16
\BOOKMARK [2][-]{subsection.14.2}{Euclidean Algorithm}{section.14}% 17
\BOOKMARK [1][-]{section.15}{Lecture 15 Oct. 12 2018 Public Key Cryptography, RSA Public Key}{}% 18
\BOOKMARK [2][-]{subsection.15.1}{RSA Public Key Procedures}{section.15}% 19
\BOOKMARK [1][-]{section.16}{Lecture 16 Oct. 15 2018 RSA Cryptography Examples}{}% 20
\BOOKMARK [2][-]{subsection.16.1}{Recall}{section.16}% 21
\BOOKMARK [2][-]{subsection.16.2}{More Examples}{section.16}% 22
\BOOKMARK [1][-]{section.17}{Lecture 17 Oct. 17 2018}{}% 23
\BOOKMARK [2][-]{subsection.17.1}{Chinese Reminder Theorem}{section.17}% 24
\BOOKMARK [2][-]{subsection.17.2}{Complex Numbers}{section.17}% 25
\BOOKMARK [1][-]{section.18}{Lecture 18 Oct. 19 2018 Complex Numbers}{}% 26
\BOOKMARK [2][-]{subsection.18.1}{The Geometric Representation of Complex Numbers}{section.18}% 27
\BOOKMARK [2][-]{subsection.18.2}{Polar Coordinates}{section.18}% 28
\BOOKMARK [3][-]{subsubsection.18.2.1}{Coordinate Conversion}{subsection.18.2}% 29
\BOOKMARK [3][-]{subsubsection.18.2.2}{Multiplication in Polar Coordinates}{subsection.18.2}% 30
\BOOKMARK [1][-]{section.19}{Lecture 19 Oct. 22 2018}{}% 31
\BOOKMARK [2][-]{subsection.19.1}{De Moivre's Theorem}{section.19}% 32
\BOOKMARK [2][-]{subsection.19.2}{Roots of Unity}{section.19}% 33
\BOOKMARK [1][-]{section.20}{Lecture 20. Oct 24 2018}{}% 34
\BOOKMARK [1][-]{section.21}{Lecture 21. Oct 29 2018}{}% 35
\BOOKMARK [2][-]{subsection.21.1}{Proof of the Fundamental Theorem of Algebra}{section.21}% 36
\BOOKMARK [1][-]{section.22}{Lecture 22. Oct 31 2018}{}% 37
\BOOKMARK [1][-]{section.23}{Lecture 23. Nov 2 2018}{}% 38
\BOOKMARK [1][-]{section.24}{Lecture 24. Nov 12 2018}{}% 39
\BOOKMARK [1][-]{section.25}{Lecture 25. Nov 14 2018}{}% 40
\BOOKMARK [1][-]{section.26}{Lecture 26 Nov. 16 2018}{}% 41
\BOOKMARK [1][-]{section.27}{Lecture 27. Nov. 19 2018}{}% 42
\BOOKMARK [1][-]{section.28}{Lecture 28 Nov. 21 2018}{}% 43
