\BOOKMARK [0][-]{chapter.1}{Individual Choices}{}% 1
\BOOKMARK [1][-]{section.1.1}{Chapter 1. Preference and Choice}{chapter.1}% 2
\BOOKMARK [2][-]{subsection.1.1.1}{Preference Relations}{section.1.1}% 3
\BOOKMARK [2][-]{subsection.1.1.2}{Choice Rules}{section.1.1}% 4
\BOOKMARK [2][-]{subsection.1.1.3}{The Relationship between Preference Relations and Choice Rules}{section.1.1}% 5
\BOOKMARK [1][-]{section.1.2}{Chapter 2. Consumer Choice}{chapter.1}% 6
\BOOKMARK [2][-]{subsection.1.2.1}{Commodities}{section.1.2}% 7
\BOOKMARK [2][-]{subsection.1.2.2}{The Consumption Set}{section.1.2}% 8
\BOOKMARK [2][-]{subsection.1.2.3}{Competitive Budgets}{section.1.2}% 9
\BOOKMARK [2][-]{subsection.1.2.4}{Demand Functions and Comparative Statics}{section.1.2}% 10
\BOOKMARK [2][-]{subsection.1.2.5}{The Weak Axiom of Revealed Preference and the Law of Demand}{section.1.2}% 11
\BOOKMARK [1][-]{section.1.3}{Chapter 3. Classical Demand Theory}{chapter.1}% 12
\BOOKMARK [2][-]{subsection.1.3.1}{Preference Relations: Basic Properties}{section.1.3}% 13
\BOOKMARK [2][-]{subsection.1.3.2}{Preference and Utility}{section.1.3}% 14
\BOOKMARK [2][-]{subsection.1.3.3}{The Utility Maximization Problem}{section.1.3}% 15
\BOOKMARK [2][-]{subsection.1.3.4}{The Expenditure Minimization Problem}{section.1.3}% 16
\BOOKMARK [2][-]{subsection.1.3.5}{Duality: A Mathematical Introduction}{section.1.3}% 17
\BOOKMARK [2][-]{subsection.1.3.6}{Relationships between Demand, Indirect Utility, and Expenditure Functions}{section.1.3}% 18
\BOOKMARK [2][-]{subsection.1.3.7}{Integrability}{section.1.3}% 19
\BOOKMARK [2][-]{subsection.1.3.8}{Welfare Evaluation of Economic Changes}{section.1.3}% 20
\BOOKMARK [2][-]{subsection.1.3.9}{The Strong Axiom of Revealed Preference}{section.1.3}% 21
\BOOKMARK [1][-]{section.1.4}{Chapter 4. Aggregate Demand}{chapter.1}% 22
\BOOKMARK [2][-]{subsection.1.4.1}{Aggregate Demand and Aggregate Wealth}{section.1.4}% 23
\BOOKMARK [1][-]{section.1.5}{Chapter 5. Production}{chapter.1}% 24
\BOOKMARK [2][-]{subsection.1.5.1}{Production Sets}{section.1.5}% 25
\BOOKMARK [2][-]{subsection.1.5.2}{Profit Maximization and Cost Minimization}{section.1.5}% 26
\BOOKMARK [2][-]{subsection.1.5.3}{The Geometry of Cost and Supply in the Single-Output Case}{section.1.5}% 27
\BOOKMARK [2][-]{subsection.1.5.4}{Aggregation}{section.1.5}% 28
\BOOKMARK [2][-]{subsection.1.5.5}{Efficient Production}{section.1.5}% 29
\BOOKMARK [2][-]{subsection.1.5.6}{Remarks on the Objectives of the Firm}{section.1.5}% 30
\BOOKMARK [1][-]{section.1.6}{Notes on Comparative Statics}{chapter.1}% 31
\BOOKMARK [2][-]{subsection.1.6.1}{Univariate Case}{section.1.6}% 32
\BOOKMARK [2][-]{subsection.1.6.2}{Multivariate Case}{section.1.6}% 33
\BOOKMARK [1][-]{section.1.7}{Chapter 6. Choice Under Uncertainty}{chapter.1}% 34
\BOOKMARK [2][-]{subsection.1.7.1}{Expected Utility Theory}{section.1.7}% 35
\BOOKMARK [2][-]{subsection.1.7.2}{Money Lotteries and Risk Aversion}{section.1.7}% 36
\BOOKMARK [0][-]{chapter.2}{Partial Equilibrium Analysis and Market Failures}{}% 37
\BOOKMARK [1][-]{section.2.1}{Chapter 10. Competitive Markets}{chapter.2}% 38
\BOOKMARK [2][-]{subsection.2.1.1}{Pareto Optimality and Competitive Equilibria}{section.2.1}% 39
\BOOKMARK [2][-]{subsection.2.1.2}{Partial Equilibrium Competitive Analysis}{section.2.1}% 40
\BOOKMARK [2][-]{subsection.2.1.3}{The Fundamental Welfare Theorems in a Partial Equilibrium Context}{section.2.1}% 41
\BOOKMARK [2][-]{subsection.2.1.4}{Welfare Analysis in the Partial Equilibrium Model}{section.2.1}% 42
\BOOKMARK [2][-]{subsection.2.1.5}{Free-Entry and Long-Run Competitive Equilibria}{section.2.1}% 43
\BOOKMARK [1][-]{section.2.2}{Chapter 13. Adverse Selection, Signalling, and Screen}{chapter.2}% 44
\BOOKMARK [2][-]{subsection.2.2.1}{Informational Asymmetries and Adverse Selection}{section.2.2}% 45
\BOOKMARK [0][-]{chapter.3}{General Equilibrium Analysis}{}% 46
\BOOKMARK [1][-]{section.3.1}{Chapter 15. General Equilibrium Theory: Some Examples}{chapter.3}% 47
\BOOKMARK [2][-]{subsection.3.1.1}{Pure Exchange: The Edgeworth Box}{section.3.1}% 48
\BOOKMARK [2][-]{subsection.3.1.2}{The One Consumer, One Producer Economy}{section.3.1}% 49
\BOOKMARK [2][-]{subsection.3.1.3}{The 2 2 Production Model}{section.3.1}% 50
\BOOKMARK [1][-]{section.3.2}{Chapter 16. Equilibrium and Its Basic Welfare Properties}{chapter.3}% 51
\BOOKMARK [2][-]{subsection.3.2.1}{Definitions}{section.3.2}% 52
\BOOKMARK [2][-]{subsection.3.2.2}{Private Ownership Economies}{section.3.2}% 53
\BOOKMARK [2][-]{subsection.3.2.3}{The First Fundamental Theorem of Welfare Economics}{section.3.2}% 54
\BOOKMARK [2][-]{subsection.3.2.4}{The Second Fundamental Theorem of Welfare Economics}{section.3.2}% 55
