\BOOKMARK [1][-]{section.1}{The Axiom of Completeness}{}% 1
\BOOKMARK [2][-]{subsection.1.1}{Preliminaries}{section.1}% 2
\BOOKMARK [2][-]{subsection.1.2}{Density of Rational Numbers}{section.1}% 3
\BOOKMARK [1][-]{section.2}{Sequences}{}% 4
\BOOKMARK [2][-]{subsection.2.1}{Definitions}{section.2}% 5
\BOOKMARK [2][-]{subsection.2.2}{Limit Theorems}{section.2}% 6
\BOOKMARK [2][-]{subsection.2.3}{Series}{section.2}% 7
\BOOKMARK [2][-]{subsection.2.4}{Cauchy Criterion for Convergence}{section.2}% 8
\BOOKMARK [2][-]{subsection.2.5}{Convergence Test for Series*}{section.2}% 9
\BOOKMARK [3][-]{subsubsection.2.5.1}{The Comparison Test}{subsection.2.5}% 10
\BOOKMARK [3][-]{subsubsection.2.5.2}{The Root Test}{subsection.2.5}% 11
\BOOKMARK [3][-]{subsubsection.2.5.3}{Other Tests for Series Convergence}{subsection.2.5}% 12
\BOOKMARK [2][-]{subsection.2.6}{Absolute and Conditional Convergence}{section.2}% 13
\BOOKMARK [1][-]{section.3}{Topology in R}{}% 14
\BOOKMARK [2][-]{subsection.3.1}{Definitions}{section.3}% 15
\BOOKMARK [2][-]{subsection.3.2}{Compactness}{section.3}% 16
\BOOKMARK [2][-]{subsection.3.3}{Connected Sets}{section.3}% 17
\BOOKMARK [2][-]{subsection.3.4}{Cantor Set}{section.3}% 18
\BOOKMARK [1][-]{section.4}{Functional Limits and Continuity}{}% 19
\BOOKMARK [2][-]{subsection.4.1}{Continuous Functions on Compact Sets}{section.4}% 20
\BOOKMARK [2][-]{subsection.4.2}{Uniform Continuity}{section.4}% 21
\BOOKMARK [2][-]{subsection.4.3}{Intermediate Value Theorem}{section.4}% 22
\BOOKMARK [1][-]{section.5}{Sequences and Series of Functions}{}% 23
\BOOKMARK [2][-]{subsection.5.1}{Sequences of Functions}{section.5}% 24
\BOOKMARK [2][-]{subsection.5.2}{Series of Functions}{section.5}% 25
\BOOKMARK [2][-]{subsection.5.3}{Power Series}{section.5}% 26
\BOOKMARK [1][-]{section.6}{Taylor's Series}{}% 27
\BOOKMARK [1][-]{section.7}{Integration}{}% 28
\BOOKMARK [2][-]{subsection.7.1}{Riemann Integrable Functions}{section.7}% 29
\BOOKMARK [2][-]{subsection.7.2}{Properties of the Integral}{section.7}% 30
\BOOKMARK [2][-]{subsection.7.3}{Convergence and Integrability}{section.7}% 31
\BOOKMARK [2][-]{subsection.7.4}{Lebesgue Criterion for Reimann Integrability}{section.7}% 32
\BOOKMARK [1][-]{section.8}{Appendix I: Midterms}{}% 33
