\BOOKMARK [1][-]{section.1}{Introduction}{}% 1
\BOOKMARK [1][-]{section.2}{Probabilistic Models}{}% 2
\BOOKMARK [1][-]{section.3}{Directed Graphical Models}{}% 3
\BOOKMARK [2][-]{subsection.3.1}{Decision Theory}{section.3}% 4
\BOOKMARK [2][-]{subsection.3.2}{Latent Variables}{section.3}% 5
\BOOKMARK [2][-]{subsection.3.3}{Mixture Models}{section.3}% 6
\BOOKMARK [1][-]{section.4}{Exact Inference}{}% 7
\BOOKMARK [2][-]{subsection.4.1}{Variable Elimination}{section.4}% 8
\BOOKMARK [2][-]{subsection.4.2}{Intermediate Factors}{section.4}% 9
\BOOKMARK [2][-]{subsection.4.3}{Sum-Product Inference}{section.4}% 10
\BOOKMARK [2][-]{subsection.4.4}{Complexity of Variable Elimination Ordering}{section.4}% 11
\BOOKMARK [1][-]{section.5}{Message passing, Hidden Markov Models, and Sampling}{}% 12
\BOOKMARK [2][-]{subsection.5.1}{Message Passing \(Computing All Marginals\)}{section.5}% 13
\BOOKMARK [2][-]{subsection.5.2}{Markov Chains}{section.5}% 14
\BOOKMARK [2][-]{subsection.5.3}{Hidden Markov Models}{section.5}% 15
\BOOKMARK [2][-]{subsection.5.4}{Forward-backward Algorithm}{section.5}% 16
\BOOKMARK [2][-]{subsection.5.5}{Procedure of Smoothing \(Forward-backward Algorithm\)}{section.5}% 17
\BOOKMARK [2][-]{subsection.5.6}{Sampling}{section.5}% 18
\BOOKMARK [1][-]{section.6}{True Skill}{}% 19
\BOOKMARK [2][-]{subsection.6.1}{Variational Inferences}{section.6}% 20
\BOOKMARK [1][-]{section.7}{Markov Chain Monte Carlo}{}% 21
\BOOKMARK [2][-]{subsection.7.1}{Monte Carlo}{section.7}% 22
