\BOOKMARK [1][-]{section.1}{Introduction and Statistics Review}{}% 1
\BOOKMARK [1][-]{section.2}{Statistics and Time Series}{}% 2
\BOOKMARK [2][-]{subsection.2.1}{Stochastic Processes}{section.2}% 3
\BOOKMARK [2][-]{subsection.2.2}{Auto-correlations}{section.2}% 4
\BOOKMARK [2][-]{subsection.2.3}{Test for Auto-correlation}{section.2}% 5
\BOOKMARK [2][-]{subsection.2.4}{Causality and Inevitability}{section.2}% 6
\BOOKMARK [1][-]{section.3}{Forecasting Tools}{}% 7
\BOOKMARK [2][-]{subsection.3.1}{Information Set}{section.3}% 8
\BOOKMARK [2][-]{subsection.3.2}{Forecast Horizon}{section.3}% 9
\BOOKMARK [3][-]{subsubsection.3.2.1}{Forecasting Environments: Recursive}{subsection.3.2}% 10
\BOOKMARK [3][-]{subsubsection.3.2.2}{Forecasting Environments: Rolling}{subsection.3.2}% 11
\BOOKMARK [3][-]{subsubsection.3.2.3}{Forecasting Environments: Fixed}{subsection.3.2}% 12
\BOOKMARK [2][-]{subsection.3.3}{Loss Function}{section.3}% 13
\BOOKMARK [2][-]{subsection.3.4}{Optimal Forecast}{section.3}% 14
\BOOKMARK [1][-]{section.4}{Moving Average Process}{}% 15
\BOOKMARK [2][-]{subsection.4.1}{Wold Decomposition Theorem}{section.4}% 16
\BOOKMARK [2][-]{subsection.4.2}{Moving Average Process}{section.4}% 17
\BOOKMARK [2][-]{subsection.4.3}{Forecasting with MA\(1\)}{section.4}% 18
\BOOKMARK [3][-]{subsubsection.4.3.1}{Forecasting with Horizon h=1}{subsection.4.3}% 19
\BOOKMARK [3][-]{subsubsection.4.3.2}{Forecasting with Horizon h=2}{subsection.4.3}% 20
\BOOKMARK [2][-]{subsection.4.4}{Properties of MA\(2\) Process}{section.4}% 21
\BOOKMARK [1][-]{section.5}{Auto-Regression Process and Seasonality}{}% 22
\BOOKMARK [2][-]{subsection.5.1}{AR Process}{section.5}% 23
\BOOKMARK [3][-]{subsubsection.5.1.1}{Forecasting with AR\(1\) and h=1}{subsection.5.1}% 24
\BOOKMARK [3][-]{subsubsection.5.1.2}{Forecasting with AR\(1\) and h=s>1}{subsection.5.1}% 25
\BOOKMARK [3][-]{subsubsection.5.1.3}{Forecasting with AR\(1\) and h }{subsection.5.1}% 26
\BOOKMARK [3][-]{subsubsection.5.1.4}{Forecasting with AR\(2\) process}{subsection.5.1}% 27
\BOOKMARK [3][-]{subsubsection.5.1.5}{AP\(p\) process}{subsection.5.1}% 28
\BOOKMARK [2][-]{subsection.5.2}{Seasonality}{section.5}% 29
\BOOKMARK [3][-]{subsubsection.5.2.1}{Deterministic Seasonality}{subsection.5.2}% 30
\BOOKMARK [3][-]{subsubsection.5.2.2}{Stochastic Seasonality}{subsection.5.2}% 31
\BOOKMARK [1][-]{section.6}{Model Assessment and Asymmetric Loss}{}% 32
\BOOKMARK [2][-]{subsection.6.1}{Model Assessment}{section.6}% 33
\BOOKMARK [2][-]{subsection.6.2}{Asymmetric Loss}{section.6}% 34
