\BOOKMARK [1][-]{section.1}{Limits, continuity, and related topics}{}% 1
\BOOKMARK [1][-]{section.2}{Differentiation and related topics}{}% 2
\BOOKMARK [2][-]{subsection.2.1}{}{section.2}% 3
\BOOKMARK [2][-]{subsection.2.2}{}{section.2}% 4
\BOOKMARK [2][-]{subsection.2.3}{}{section.2}% 5
\BOOKMARK [2][-]{subsection.2.4}{}{section.2}% 6
\BOOKMARK [2][-]{subsection.2.5}{}{section.2}% 7
\BOOKMARK [2][-]{subsection.2.6}{}{section.2}% 8
\BOOKMARK [2][-]{subsection.2.7}{}{section.2}% 9
\BOOKMARK [2][-]{subsection.2.8}{Optimization}{section.2}% 10
\BOOKMARK [1][-]{section.3}{The Implicit and Inverse Function Theorems}{}% 11
\BOOKMARK [2][-]{subsection.3.1}{The Implicit Function Theorem I}{section.3}% 12
\BOOKMARK [2][-]{subsection.3.2}{Geometric content of the Implicit Function Theorem}{section.3}% 13
\BOOKMARK [2][-]{subsection.3.3}{Transformations, and the Inverse Function Theorem}{section.3}% 14
\BOOKMARK [1][-]{section.4}{Integration}{}% 15
\BOOKMARK [2][-]{subsection.4.1}{Basics}{section.4}% 16
\BOOKMARK [2][-]{subsection.4.2}{Integration on Higher Dimensions}{section.4}% 17
\BOOKMARK [2][-]{subsection.4.3}{Iterated Integrals}{section.4}% 18
\BOOKMARK [2][-]{subsection.4.4}{Change of Variables}{section.4}% 19
\BOOKMARK [2][-]{subsection.4.5}{Further Aspects}{section.4}% 20
\BOOKMARK [3][-]{subsubsection.4.5.1}{Exchanging Differentiation and Integration}{subsection.4.5}% 21
\BOOKMARK [3][-]{subsubsection.4.5.2}{Improper Integrals}{subsection.4.5}% 22
\BOOKMARK [1][-]{section.5}{Vector Calculus}{}% 23
\BOOKMARK [2][-]{subsection.5.1}{Line Integrals}{section.5}% 24
\BOOKMARK [3][-]{subsubsection.5.1.1}{Arc Length}{subsection.5.1}% 25
\BOOKMARK [3][-]{subsubsection.5.1.2}{Line Integrals of Scalar Functions}{subsection.5.1}% 26
\BOOKMARK [3][-]{subsubsection.5.1.3}{Line Integrals of Vector Fields}{subsection.5.1}% 27
\BOOKMARK [3][-]{subsubsection.5.1.4}{Rectifiable Curves}{subsection.5.1}% 28
\BOOKMARK [2][-]{subsection.5.2}{Green's Theorem}{section.5}% 29
\BOOKMARK [3][-]{subsubsection.5.2.1}{Preliminary Definitions}{subsection.5.2}% 30
\BOOKMARK [2][-]{subsection.5.3}{Surface Integrals}{section.5}% 31
\BOOKMARK [3][-]{subsubsection.5.3.1}{Surface Areas and Surface Integrals}{subsection.5.3}% 32
\BOOKMARK [3][-]{subsubsection.5.3.2}{An invariance property}{subsection.5.3}% 33
\BOOKMARK [3][-]{subsubsection.5.3.3}{Volume and Area}{subsection.5.3}% 34
\BOOKMARK [2][-]{subsection.5.4}{Divergence, Gradient and Curl}{section.5}% 35
